#
# There is insufficient memory for the Java Runtime Environment to continue.
# Native memory allocation (mmap) failed to map 536870912 bytes. Error detail: G1 virtual space
# Possible reasons:
#   The system is out of physical RAM or swap space
#   This process is running with CompressedOops enabled, and the Java Heap may be blocking the growth of the native heap
# Possible solutions:
#   Reduce memory load on the system
#   Increase physical memory or swap space
#   Check if swap backing store is full
#   Decrease Java heap size (-Xmx/-Xms)
#   Decrease number of Java threads
#   Decrease Java thread stack sizes (-Xss)
#   Set larger code cache with -XX:ReservedCodeCacheSize=
#   JVM is running with Zero Based Compressed Oops mode in which the Java heap is
#     placed in the first 32GB address space. The Java Heap base address is the
#     maximum limit for the native heap growth. Please use -XX:HeapBaseMinAddress
#     to set the Java Heap base and to place the Java Heap above 32GB virtual address.
# This output file may be truncated or incomplete.
#
#  Out of Memory Error (os_windows.cpp:3703), pid=28948, tid=7440
#
# JRE version:  (23.0+37) (build )
# Java VM: OpenJDK 64-Bit Server VM (23+37-2369, mixed mode, sharing, tiered, compressed oops, compressed class ptrs, g1 gc, windows-amd64)
# No core dump will be written. Minidumps are not enabled by default on client versions of Windows
#

---------------  S U M M A R Y ------------

Command Line: -Dmaven.multiModuleProjectDirectory=C:\Users\Daniel\Desktop\Programmieren\Java\Workspace\CommandFramework -Djansi.passthrough=true -Dmaven.home=C:\Program Files\JetBrains\IntelliJ IDEA 2023.3.3\plugins\maven\lib\maven3 -Dclassworlds.conf=C:\Program Files\JetBrains\IntelliJ IDEA 2023.3.3\plugins\maven\lib\maven3\bin\m2.conf -Dmaven.ext.class.path=C:\Program Files\JetBrains\IntelliJ IDEA 2023.3.3\plugins\maven\lib\maven-event-listener.jar -javaagent:C:\Program Files\JetBrains\IntelliJ IDEA 2023.3.3\lib\idea_rt.jar=51237:C:\Program Files\JetBrains\IntelliJ IDEA 2023.3.3\bin -Dfile.encoding=UTF-8 -Dsun.stdout.encoding=UTF-8 -Dsun.stderr.encoding=UTF-8 org.codehaus.classworlds.Launcher -Didea.version=2023.3.8 package

Host: AMD Ryzen 5 5600X 6-Core Processor             , 12 cores, 31G,  Windows 11 , 64 bit Build 22621 (10.0.22621.3958)
Time: Sun Sep 29 23:11:13 2024 Mitteleuropäische Sommerzeit elapsed time: 0.013878 seconds (0d 0h 0m 0s)

---------------  T H R E A D  ---------------

Current thread (0x000001c6fd2de560):  JavaThread "Unknown thread" [_thread_in_vm, id=7440, stack(0x0000003678500000,0x0000003678600000) (1024K)]

Stack: [0x0000003678500000,0x0000003678600000]
Native frames: (J=compiled Java code, j=interpreted, Vv=VM code, C=native code)
V  [jvm.dll+0x6e08a9]  (no source info available)
V  [jvm.dll+0x87da63]  (no source info available)
V  [jvm.dll+0x87feee]  (no source info available)
V  [jvm.dll+0x8805c3]  (no source info available)
V  [jvm.dll+0x27aee6]  (no source info available)
V  [jvm.dll+0x6dd1b5]  (no source info available)
V  [jvm.dll+0x6d103a]  (no source info available)
V  [jvm.dll+0x35b3ea]  (no source info available)
V  [jvm.dll+0x3637f6]  (no source info available)
V  [jvm.dll+0x34fd5e]  (no source info available)
V  [jvm.dll+0x34fff8]  (no source info available)
V  [jvm.dll+0x3289cc]  (no source info available)
V  [jvm.dll+0x32966e]  (no source info available)
V  [jvm.dll+0x8442e5]  (no source info available)
V  [jvm.dll+0x3b9848]  (no source info available)
V  [jvm.dll+0x82d0dc]  (no source info available)
V  [jvm.dll+0x454d4e]  (no source info available)
V  [jvm.dll+0x456bd1]  (no source info available)
C  [jli.dll+0x52a3]  (no source info available)
C  [ucrtbase.dll+0x29333]  (no source info available)
C  [KERNEL32.DLL+0x1257d]  (no source info available)
C  [ntdll.dll+0x5af28]  (no source info available)

Lock stack of current Java thread (top to bottom):


---------------  P R O C E S S  ---------------

Threads class SMR info:
_java_thread_list=0x00007ff8041b3618, length=0, elements={
}

Java Threads: ( => current thread )
Total: 0

Other Threads:
  0x000001c6fd387ef0 WorkerThread "GC Thread#0"                     [id=26664, stack(0x0000003678600000,0x0000003678700000) (1024K)]
  0x000001c6fd39d010 ConcurrentGCThread "G1 Main Marker"            [id=6080, stack(0x0000003678700000,0x0000003678800000) (1024K)]
  0x000001c6fd39e2c0 WorkerThread "G1 Conc#0"                       [id=24864, stack(0x0000003678800000,0x0000003678900000) (1024K)]

[error occurred during error reporting (printing all threads), id 0xc0000005, EXCEPTION_ACCESS_VIOLATION (0xc0000005) at pc=0x00007ff8038fbfba]
VM state: not at safepoint (not fully initialized)

VM Mutex/Monitor currently owned by a thread:  ([mutex/lock_event])
[0x00007ff804233a10] Heap_lock - owner thread: 0x000001c6fd2de560

Heap address: 0x0000000601400000, size: 8172 MB, Compressed Oops mode: Zero based, Oop shift amount: 3

CDS archive(s) mapped at: [0x0000000000000000-0x0000000000000000-0x0000000000000000), size 0, SharedBaseAddress: 0x0000000800000000, ArchiveRelocationMode: 1.
Narrow klass base: 0x0000000000000000, Narrow klass shift: 0, Narrow klass range: 0x0

GC Precious Log:
 CardTable entry size: 512
 Card Set container configuration: InlinePtr #cards 4 size 8 Array Of Cards #cards 32 size 80 Howl #buckets 8 coarsen threshold 7372 Howl Bitmap #cards 1024 size 144 coarsen threshold 921 Card regions per heap region 1 cards per card region 8192

Heap:
 garbage-first heap   total reserved 8368128K, committed 0K, used 0K [0x0000000601400000, 0x0000000800000000)
  region size 4096K, 0 young (0K), 0 survivors (0K)

[error occurred during error reporting (printing heap information), id 0xc0000005, EXCEPTION_ACCESS_VIOLATION (0xc0000005) at pc=0x00007ff803cfc3b9]
GC Heap History (0 events):
No events

Dll operation events (1 events):
Event: 0.010 Loaded shared library C:\Users\Daniel\.jdks\openjdk-23\bin\java.dll

Deoptimization events (0 events):
No events

Classes loaded (0 events):
No events

Classes unloaded (0 events):
No events

Classes redefined (0 events):
No events

Internal exceptions (0 events):
No events

VM Operations (0 events):
No events

Memory protections (0 events):
No events

Nmethod flushes (0 events):
No events

Events (0 events):
No events


Dynamic libraries:
0x00007ff716410000 - 0x00007ff71641e000 	C:\Users\Daniel\.jdks\openjdk-23\bin\java.exe
0x00007ff888ed0000 - 0x00007ff8890e7000 	C:\WINDOWS\SYSTEM32\ntdll.dll
0x00007ff887280000 - 0x00007ff887344000 	C:\WINDOWS\System32\KERNEL32.DLL
0x00007ff886260000 - 0x00007ff88660d000 	C:\WINDOWS\System32\KERNELBASE.dll
0x00007ff886850000 - 0x00007ff886961000 	C:\WINDOWS\System32\ucrtbase.dll
0x00007ff860000000 - 0x00007ff86001b000 	C:\Users\Daniel\.jdks\openjdk-23\bin\VCRUNTIME140.dll
0x00007ff877c60000 - 0x00007ff877c77000 	C:\Users\Daniel\.jdks\openjdk-23\bin\jli.dll
0x00007ff8881b0000 - 0x00007ff88835e000 	C:\WINDOWS\System32\USER32.dll
0x00007ff8767b0000 - 0x00007ff876a43000 	C:\WINDOWS\WinSxS\amd64_microsoft.windows.common-controls_6595b64144ccf1df_6.0.22621.3672_none_2713b9d173822955\COMCTL32.dll
0x00007ff886820000 - 0x00007ff886846000 	C:\WINDOWS\System32\win32u.dll
0x00007ff886df0000 - 0x00007ff886e97000 	C:\WINDOWS\System32\msvcrt.dll
0x00007ff888e30000 - 0x00007ff888e59000 	C:\WINDOWS\System32\GDI32.dll
0x00007ff886a20000 - 0x00007ff886b39000 	C:\WINDOWS\System32\gdi32full.dll
0x00007ff886780000 - 0x00007ff88681a000 	C:\WINDOWS\System32\msvcp_win.dll
0x00007ff886db0000 - 0x00007ff886de1000 	C:\WINDOWS\System32\IMM32.DLL
0x00007ff877c90000 - 0x00007ff877c9c000 	C:\Users\Daniel\.jdks\openjdk-23\bin\vcruntime140_1.dll
0x00007ff842470000 - 0x00007ff8424fe000 	C:\Users\Daniel\.jdks\openjdk-23\bin\msvcp140.dll
0x00007ff8035c0000 - 0x00007ff80430f000 	C:\Users\Daniel\.jdks\openjdk-23\bin\server\jvm.dll
0x00007ff888c10000 - 0x00007ff888cc2000 	C:\WINDOWS\System32\ADVAPI32.dll
0x00007ff887f40000 - 0x00007ff887fe9000 	C:\WINDOWS\System32\sechost.dll
0x00007ff8869f0000 - 0x00007ff886a18000 	C:\WINDOWS\System32\bcrypt.dll
0x00007ff887790000 - 0x00007ff8878a4000 	C:\WINDOWS\System32\RPCRT4.dll
0x00007ff887e70000 - 0x00007ff887ee1000 	C:\WINDOWS\System32\WS2_32.dll
0x00007ff8850a0000 - 0x00007ff8850ed000 	C:\WINDOWS\SYSTEM32\POWRPROF.dll
0x00007ff881cb0000 - 0x00007ff881ce4000 	C:\WINDOWS\SYSTEM32\WINMM.dll
0x00007ff87f080000 - 0x00007ff87f08a000 	C:\WINDOWS\SYSTEM32\VERSION.dll
0x00007ff885080000 - 0x00007ff885093000 	C:\WINDOWS\SYSTEM32\UMPDC.dll
0x00007ff885330000 - 0x00007ff885348000 	C:\WINDOWS\SYSTEM32\kernel.appcore.dll
0x00007ff877c50000 - 0x00007ff877c5a000 	C:\Users\Daniel\.jdks\openjdk-23\bin\jimage.dll
0x00007ff8724f0000 - 0x00007ff872722000 	C:\WINDOWS\SYSTEM32\DBGHELP.DLL
0x00007ff887400000 - 0x00007ff88778e000 	C:\WINDOWS\System32\combase.dll
0x00007ff8878b0000 - 0x00007ff887987000 	C:\WINDOWS\System32\OLEAUT32.dll
0x00007ff84e6d0000 - 0x00007ff84e702000 	C:\WINDOWS\SYSTEM32\dbgcore.DLL
0x00007ff886970000 - 0x00007ff8869eb000 	C:\WINDOWS\System32\bcryptPrimitives.dll
0x00007ff880420000 - 0x00007ff88042f000 	C:\Users\Daniel\.jdks\openjdk-23\bin\instrument.dll
0x00007ff852f30000 - 0x00007ff852f4e000 	C:\Users\Daniel\.jdks\openjdk-23\bin\java.dll
0x00007ff886c00000 - 0x00007ff886da5000 	C:\WINDOWS\System32\ole32.dll
0x00007ff888380000 - 0x00007ff888be7000 	C:\WINDOWS\System32\SHELL32.dll

dbghelp: loaded successfully - version: 4.0.5 - missing functions: none
symbol engine: initialized successfully - sym options: 0x614 - pdb path: .;C:\Users\Daniel\.jdks\openjdk-23\bin;C:\WINDOWS\SYSTEM32;C:\WINDOWS\WinSxS\amd64_microsoft.windows.common-controls_6595b64144ccf1df_6.0.22621.3672_none_2713b9d173822955;C:\Users\Daniel\.jdks\openjdk-23\bin\server

VM Arguments:
jvm_args: -Dmaven.multiModuleProjectDirectory=C:\Users\Daniel\Desktop\Programmieren\Java\Workspace\CommandFramework -Djansi.passthrough=true -Dmaven.home=C:\Program Files\JetBrains\IntelliJ IDEA 2023.3.3\plugins\maven\lib\maven3 -Dclassworlds.conf=C:\Program Files\JetBrains\IntelliJ IDEA 2023.3.3\plugins\maven\lib\maven3\bin\m2.conf -Dmaven.ext.class.path=C:\Program Files\JetBrains\IntelliJ IDEA 2023.3.3\plugins\maven\lib\maven-event-listener.jar -javaagent:C:\Program Files\JetBrains\IntelliJ IDEA 2023.3.3\lib\idea_rt.jar=51237:C:\Program Files\JetBrains\IntelliJ IDEA 2023.3.3\bin -Dfile.encoding=UTF-8 -Dsun.stdout.encoding=UTF-8 -Dsun.stderr.encoding=UTF-8 
java_command: org.codehaus.classworlds.Launcher -Didea.version=2023.3.8 package
java_class_path (initial): C:\Program Files\JetBrains\IntelliJ IDEA 2023.3.3\plugins\maven\lib\maven3\boot\plexus-classworlds-2.7.0.jar;C:\Program Files\JetBrains\IntelliJ IDEA 2023.3.3\plugins\maven\lib\maven3\boot\plexus-classworlds.license
Launcher Type: SUN_STANDARD

[Global flags]
     intx CICompilerCount                          = 4                                         {product} {ergonomic}
     uint ConcGCThreads                            = 3                                         {product} {ergonomic}
     uint G1ConcRefinementThreads                  = 10                                        {product} {ergonomic}
   size_t G1HeapRegionSize                         = 4194304                                   {product} {ergonomic}
   size_t InitialHeapSize                          = 536870912                                 {product} {ergonomic}
   size_t MarkStackSize                            = 4194304                                   {product} {ergonomic}
   size_t MarkStackSizeMax                         = 536870912                                 {product} {ergonomic}
   size_t MaxHeapSize                              = 8568963072                                {product} {ergonomic}
   size_t MinHeapDeltaBytes                        = 4194304                                   {product} {ergonomic}
   size_t MinHeapSize                              = 8388608                                   {product} {ergonomic}
    uintx NonNMethodCodeHeapSize                   = 5832704                                {pd product} {ergonomic}
    uintx NonProfiledCodeHeapSize                  = 122945536                              {pd product} {ergonomic}
    uintx ProfiledCodeHeapSize                     = 122880000                              {pd product} {ergonomic}
    uintx ReservedCodeCacheSize                    = 251658240                              {pd product} {ergonomic}
     bool SegmentedCodeCache                       = true                                      {product} {ergonomic}
   size_t SoftMaxHeapSize                          = 8568963072                             {manageable} {ergonomic}
     bool UseCompressedOops                        = true                           {product lp64_product} {ergonomic}
     bool UseG1GC                                  = true                                      {product} {ergonomic}
     bool UseLargePagesIndividualAllocation        = false                                  {pd product} {ergonomic}

Logging:
Log output configuration:
 #0: stdout all=warning uptime,level,tags foldmultilines=false
 #1: stderr all=off uptime,level,tags foldmultilines=false

Environment Variables:
JAVA_HOME=C:\Program Files\Java\jdk-19
PATH=C:\Program Files\Common Files\Oracle\Java\javapath;C:\Program Files (x86)\Common Files\Oracle\Java\javapath;C:\Windows\system32;C:\Windows;C:\Windows\System32\Wbem;C:\Windows\System32\WindowsPowerShell\v1.0\;C:\Windows\System32\OpenSSH\;C:\WINDOWS\system32;C:\WINDOWS;C:\WINDOWS\System32\Wbem;C:\WINDOWS\System32\WindowsPowerShell\v1.0\;C:\WINDOWS\System32\OpenSSH\;C:\Users\Daniel\Desktop\Programmieren\Luau\luau;C:\Program Files\NVIDIA Corporation\NVIDIA NvDLISR;C:\Program Files (x86)\NVIDIA Corporation\PhysX\Common;C:\WINDOWS\system32;C:\WINDOWS;C:\WINDOWS\System32\Wbem;C:\WINDOWS\System32\WindowsPowerShell\v1.0\;C:\WINDOWS\System32\OpenSSH\;C:\Program Files\Java\jdk-19\bin;C:\Program Files\Git\cmd;C:\Program Files\dotnet\;C:\Users\Daniel\AppData\Local\Programs\Python\Launcher\;C:\Users\Daniel\AppData\Local\Microsoft\WindowsApps;C:\Users\Daniel\AppData\Local\Programs\Microsoft VS Code\bin;C:\Program Files\Git\cmd;C:\Users\Daniel\.dotnet\tools;C:\Users\Daniel\AppData\Local\JetBrains\Toolbox\scripts;
USERNAME=Daniel
OS=Windows_NT
PROCESSOR_IDENTIFIER=AMD64 Family 25 Model 33 Stepping 0, AuthenticAMD
TMP=C:\Users\Daniel\AppData\Local\Temp
TEMP=C:\Users\Daniel\AppData\Local\Temp




Periodic native trim disabled

---------------  S Y S T E M  ---------------

OS:
 Windows 11 , 64 bit Build 22621 (10.0.22621.3958)
OS uptime: 1 days 5:14 hours

CPU: total 12 (initial active 12) (12 cores per cpu, 2 threads per core) family 25 model 33 stepping 0 microcode 0x0, cx8, cmov, fxsr, ht, mmx, 3dnowpref, sse, sse2, sse3, ssse3, sse4a, sse4.1, sse4.2, popcnt, lzcnt, tsc, tscinvbit, avx, avx2, aes, erms, clmul, bmi1, bmi2, adx, sha, fma, vzeroupper, clflush, clflushopt, rdtscp, rdpid, fsrm, f16c, pku, cet_ss
Processor Information for the first 12 processors :
  Max Mhz: 3701, Current Mhz: 3701, Mhz Limit: 3701

Memory: 4k page, system-wide physical 32679M (14145M free)
TotalPageFile size 60679M (AvailPageFile size 133M)
current process WorkingSet (physical memory assigned to process): 12M, peak: 12M
current process commit charge ("private bytes"): 65M, peak: 577M

vm_info: OpenJDK 64-Bit Server VM (23+37-2369) for windows-amd64 JRE (23+37-2369), built on 2024-08-20T16:01:23Z with MS VC++ 17.6 (VS2022)

END.
