#
# There is insufficient memory for the Java Runtime Environment to continue.
# Native memory allocation (malloc) failed to allocate 553616 bytes. Error detail: Chunk::new
# Possible reasons:
#   The system is out of physical RAM or swap space
#   This process is running with CompressedOops enabled, and the Java Heap may be blocking the growth of the native heap
# Possible solutions:
#   Reduce memory load on the system
#   Increase physical memory or swap space
#   Check if swap backing store is full
#   Decrease Java heap size (-Xmx/-Xms)
#   Decrease number of Java threads
#   Decrease Java thread stack sizes (-Xss)
#   Set larger code cache with -XX:ReservedCodeCacheSize=
#   JVM is running with Zero Based Compressed Oops mode in which the Java heap is
#     placed in the first 32GB address space. The Java Heap base address is the
#     maximum limit for the native heap growth. Please use -XX:HeapBaseMinAddress
#     to set the Java Heap base and to place the Java Heap above 32GB virtual address.
# This output file may be truncated or incomplete.
#
#  Out of Memory Error (arena.cpp:149), pid=11204, tid=25188
#
# JRE version: OpenJDK Runtime Environment (23.0+37) (build 23+37-2369)
# Java VM: OpenJDK 64-Bit Server VM (23+37-2369, mixed mode, sharing, tiered, compressed oops, compressed class ptrs, g1 gc, windows-amd64)
# No core dump will be written. Minidumps are not enabled by default on client versions of Windows
#

---------------  S U M M A R Y ------------

Command Line: -Dmaven.multiModuleProjectDirectory=C:\Users\Daniel\Desktop\Programmieren\Java\Workspace\CommandFramework -Djansi.passthrough=true -Dmaven.home=C:\Program Files\JetBrains\IntelliJ IDEA 2023.3.3\plugins\maven\lib\maven3 -Dclassworlds.conf=C:\Program Files\JetBrains\IntelliJ IDEA 2023.3.3\plugins\maven\lib\maven3\bin\m2.conf -Dmaven.ext.class.path=C:\Program Files\JetBrains\IntelliJ IDEA 2023.3.3\plugins\maven\lib\maven-event-listener.jar -javaagent:C:\Program Files\JetBrains\IntelliJ IDEA 2023.3.3\lib\idea_rt.jar=51257:C:\Program Files\JetBrains\IntelliJ IDEA 2023.3.3\bin -Dfile.encoding=UTF-8 -Dsun.stdout.encoding=UTF-8 -Dsun.stderr.encoding=UTF-8 org.codehaus.classworlds.Launcher -Didea.version=2023.3.8 package

Host: AMD Ryzen 5 5600X 6-Core Processor             , 12 cores, 31G,  Windows 11 , 64 bit Build 22621 (10.0.22621.4391)
Time: Sat Nov 23 22:25:52 2024 Mitteleuropäische Zeit elapsed time: 0.562233 seconds (0d 0h 0m 0s)

---------------  T H R E A D  ---------------

Current thread (0x000002773e1128a0):  JavaThread "C2 CompilerThread0" daemon [_thread_in_native, id=25188, stack(0x0000008163b00000,0x0000008163c00000) (1024K)]


Current CompileTask:
C2:562 1255       4       java.io.InputStreamReader::read (11 bytes)

Stack: [0x0000008163b00000,0x0000008163c00000]
Native frames: (J=compiled Java code, j=interpreted, Vv=VM code, C=native code)
V  [jvm.dll+0x6e08a9]  (no source info available)
V  [jvm.dll+0x87da63]  (no source info available)
V  [jvm.dll+0x87feee]  (no source info available)
V  [jvm.dll+0x8805c3]  (no source info available)
V  [jvm.dll+0x27aee6]  (no source info available)
V  [jvm.dll+0xbc06f]  (no source info available)
V  [jvm.dll+0xbc2cb]  (no source info available)
V  [jvm.dll+0x3b3a62]  (no source info available)
V  [jvm.dll+0x1dc39e]  (no source info available)
V  [jvm.dll+0x244be5]  (no source info available)
V  [jvm.dll+0x243dff]  (no source info available)
V  [jvm.dll+0x1c33a0]  (no source info available)
V  [jvm.dll+0x253cf1]  (no source info available)
V  [jvm.dll+0x251faa]  (no source info available)
V  [jvm.dll+0x3ee036]  (no source info available)
V  [jvm.dll+0x824f1b]  (no source info available)
V  [jvm.dll+0x6df055]  (no source info available)
C  [ucrtbase.dll+0x29333]  (no source info available)
C  [KERNEL32.DLL+0x1259d]  (no source info available)
C  [ntdll.dll+0x5af38]  (no source info available)

Lock stack of current Java thread (top to bottom):


---------------  P R O C E S S  ---------------

Threads class SMR info:
_java_thread_list=0x0000027784322950, length=14, elements={
0x000002771965e380, 0x000002773e0fc120, 0x000002773e0fef50, 0x000002773e101110,
0x000002773e101ec0, 0x000002773e102a50, 0x000002773e1034b0, 0x000002773e1128a0,
0x000002773e1364b0, 0x000002773e20f4c0, 0x000002773e36fcb0, 0x000002773e372330,
0x000002773e7f0d10, 0x0000027784189180
}

Java Threads: ( => current thread )
  0x000002771965e380 JavaThread "main"                              [_thread_in_native, id=21812, stack(0x0000008162d00000,0x0000008162e00000) (1024K)]
  0x000002773e0fc120 JavaThread "Reference Handler"          daemon [_thread_blocked, id=24824, stack(0x0000008163500000,0x0000008163600000) (1024K)]
  0x000002773e0fef50 JavaThread "Finalizer"                  daemon [_thread_blocked, id=7508, stack(0x0000008163600000,0x0000008163700000) (1024K)]
  0x000002773e101110 JavaThread "Signal Dispatcher"          daemon [_thread_blocked, id=6512, stack(0x0000008163700000,0x0000008163800000) (1024K)]
  0x000002773e101ec0 JavaThread "Attach Listener"            daemon [_thread_blocked, id=9204, stack(0x0000008163800000,0x0000008163900000) (1024K)]
  0x000002773e102a50 JavaThread "Service Thread"             daemon [_thread_blocked, id=24796, stack(0x0000008163900000,0x0000008163a00000) (1024K)]
  0x000002773e1034b0 JavaThread "Monitor Deflation Thread"   daemon [_thread_blocked, id=6700, stack(0x0000008163a00000,0x0000008163b00000) (1024K)]
=>0x000002773e1128a0 JavaThread "C2 CompilerThread0"         daemon [_thread_in_native, id=25188, stack(0x0000008163b00000,0x0000008163c00000) (1024K)]
  0x000002773e1364b0 JavaThread "C1 CompilerThread0"         daemon [_thread_in_native, id=20388, stack(0x0000008163c00000,0x0000008163d00000) (1024K)]
  0x000002773e20f4c0 JavaThread "Common-Cleaner"             daemon [_thread_blocked, id=25184, stack(0x0000008163d00000,0x0000008163e00000) (1024K)]
  0x000002773e36fcb0 JavaThread "Monitor Ctrl-Break"         daemon [_thread_in_native, id=35016, stack(0x0000008163e00000,0x0000008163f00000) (1024K)]
  0x000002773e372330 JavaThread "Notification Thread"        daemon [_thread_blocked, id=35688, stack(0x0000008163f00000,0x0000008164000000) (1024K)]
  0x000002773e7f0d10 JavaThread "C2 CompilerThread1"         daemon [_thread_in_native, id=29872, stack(0x0000008164000000,0x0000008164100000) (1024K)]
  0x0000027784189180 JavaThread "C2 CompilerThread2"         daemon [_thread_in_native, id=9440, stack(0x0000008164100000,0x0000008164200000) (1024K)]
Total: 14

Other Threads:
  0x000002773b621c90 VMThread "VM Thread"                           [id=20188, stack(0x0000008163400000,0x0000008163500000) (1024K)]
  0x000002773b611a10 WatcherThread "VM Periodic Task Thread"        [id=35868, stack(0x0000008163300000,0x0000008163400000) (1024K)]
  0x0000027719707d10 WorkerThread "GC Thread#0"                     [id=29124, stack(0x0000008162e00000,0x0000008162f00000) (1024K)]
  0x0000027784796900 WorkerThread "GC Thread#1"                     [id=36728, stack(0x0000008164200000,0x0000008164300000) (1024K)]
  0x000002778436a030 WorkerThread "GC Thread#2"                     [id=5216, stack(0x0000008164300000,0x0000008164400000) (1024K)]
  0x000002778436a7f0 WorkerThread "GC Thread#3"                     [id=30272, stack(0x0000008164400000,0x0000008164500000) (1024K)]
  0x000002778436afb0 WorkerThread "GC Thread#4"                     [id=25116, stack(0x0000008164500000,0x0000008164600000) (1024K)]
  0x000002778436b7e0 WorkerThread "GC Thread#5"                     [id=28752, stack(0x0000008164600000,0x0000008164700000) (1024K)]
  0x00000277849e9570 WorkerThread "GC Thread#6"                     [id=12136, stack(0x0000008164700000,0x0000008164800000) (1024K)]
  0x00000277849e9da0 WorkerThread "GC Thread#7"                     [id=12576, stack(0x0000008164800000,0x0000008164900000) (1024K)]
  0x00000277849eaa50 WorkerThread "GC Thread#8"                     [id=36820, stack(0x0000008164900000,0x0000008164a00000) (1024K)]
  0x00000277849eb210 WorkerThread "GC Thread#9"                     [id=5280, stack(0x0000008164a00000,0x0000008164b00000) (1024K)]
  0x000002771971ce30 ConcurrentGCThread "G1 Main Marker"            [id=28024, stack(0x0000008162f00000,0x0000008163000000) (1024K)]
  0x000002771971e0e0 WorkerThread "G1 Conc#0"                       [id=15708, stack(0x0000008163000000,0x0000008163100000) (1024K)]
  0x000002773b4d3740 ConcurrentGCThread "G1 Refine#0"               [id=32176, stack(0x0000008163100000,0x0000008163200000) (1024K)]
  0x000002773b4d42c0 ConcurrentGCThread "G1 Service"                [id=25304, stack(0x0000008163200000,0x0000008163300000) (1024K)]
Total: 16

Threads with active compile tasks:
C2 CompilerThread0  670 1255       4       java.io.InputStreamReader::read (11 bytes)
C2 CompilerThread1  670 1289       4       sun.nio.cs.StreamDecoder::implRead (232 bytes)
C2 CompilerThread2  670 1257       4       org.codehaus.plexus.util.xml.XmlReader::read (11 bytes)
Total: 3

VM state: not at safepoint (normal execution)

VM Mutex/Monitor currently owned by a thread:  ([mutex/lock_event])
[0x00007ffe64322410] CompiledIC_lock - owner thread: 0x0000000000000000

Heap address: 0x0000000601400000, size: 8172 MB, Compressed Oops mode: Zero based, Oop shift amount: 3

CDS archive(s) mapped at: [0x000002773f000000-0x000002773fd70000-0x000002773fd70000), size 14090240, SharedBaseAddress: 0x000002773f000000, ArchiveRelocationMode: 1.
Compressed class space mapped at: 0x0000027740000000-0x0000027780000000, reserved size: 1073741824
Narrow klass base: 0x000002773f000000, Narrow klass shift: 0, Narrow klass range: 0x41000000

GC Precious Log:
 CardTable entry size: 512
 Card Set container configuration: InlinePtr #cards 4 size 8 Array Of Cards #cards 32 size 80 Howl #buckets 8 coarsen threshold 7372 Howl Bitmap #cards 1024 size 144 coarsen threshold 921 Card regions per heap region 1 cards per card region 8192
 CPUs: 12 total, 12 available
 Memory: 32679M
 Large Page Support: Disabled
 NUMA Support: Disabled
 Compressed Oops: Enabled (Zero based)
 Heap Region Size: 4M
 Heap Min Capacity: 8M
 Heap Initial Capacity: 512M
 Heap Max Capacity: 8172M
 Pre-touch: Disabled
 Parallel Workers: 10
 Concurrent Workers: 3
 Concurrent Refinement Workers: 10
 Periodic GC: Disabled

Heap:
 garbage-first heap   total reserved 8368128K, committed 524288K, used 12296K [0x0000000601400000, 0x0000000800000000)
  region size 4096K, 4 young (16384K), 1 survivors (4096K)
 Metaspace       used 7260K, committed 7424K, reserved 1114112K
  class space    used 862K, committed 960K, reserved 1048576K

Heap Regions: E=young(eden), S=young(survivor), O=old, HS=humongous(starts), HC=humongous(continues), CS=collection set, F=free, TAMS=top-at-mark-start, PB=parsable bottom
|   0|0x0000000601400000, 0x0000000601402000, 0x0000000601800000|  0%| O|  |TAMS 0x0000000601400000| PB 0x0000000601400000| Untracked |  0
|   1|0x0000000601800000, 0x0000000601800000, 0x0000000601c00000|  0%| F|  |TAMS 0x0000000601800000| PB 0x0000000601800000| Untracked |  0
|   2|0x0000000601c00000, 0x0000000601c00000, 0x0000000602000000|  0%| F|  |TAMS 0x0000000601c00000| PB 0x0000000601c00000| Untracked |  0
|   3|0x0000000602000000, 0x0000000602000000, 0x0000000602400000|  0%| F|  |TAMS 0x0000000602000000| PB 0x0000000602000000| Untracked |  0
|   4|0x0000000602400000, 0x0000000602400000, 0x0000000602800000|  0%| F|  |TAMS 0x0000000602400000| PB 0x0000000602400000| Untracked |  0
|   5|0x0000000602800000, 0x0000000602800000, 0x0000000602c00000|  0%| F|  |TAMS 0x0000000602800000| PB 0x0000000602800000| Untracked |  0
|   6|0x0000000602c00000, 0x0000000602c00000, 0x0000000603000000|  0%| F|  |TAMS 0x0000000602c00000| PB 0x0000000602c00000| Untracked |  0
|   7|0x0000000603000000, 0x0000000603000000, 0x0000000603400000|  0%| F|  |TAMS 0x0000000603000000| PB 0x0000000603000000| Untracked |  0
|   8|0x0000000603400000, 0x0000000603400000, 0x0000000603800000|  0%| F|  |TAMS 0x0000000603400000| PB 0x0000000603400000| Untracked |  0
|   9|0x0000000603800000, 0x0000000603800000, 0x0000000603c00000|  0%| F|  |TAMS 0x0000000603800000| PB 0x0000000603800000| Untracked |  0
|  10|0x0000000603c00000, 0x0000000603c00000, 0x0000000604000000|  0%| F|  |TAMS 0x0000000603c00000| PB 0x0000000603c00000| Untracked |  0
|  11|0x0000000604000000, 0x0000000604000000, 0x0000000604400000|  0%| F|  |TAMS 0x0000000604000000| PB 0x0000000604000000| Untracked |  0
|  12|0x0000000604400000, 0x0000000604400000, 0x0000000604800000|  0%| F|  |TAMS 0x0000000604400000| PB 0x0000000604400000| Untracked |  0
|  13|0x0000000604800000, 0x0000000604800000, 0x0000000604c00000|  0%| F|  |TAMS 0x0000000604800000| PB 0x0000000604800000| Untracked |  0
|  14|0x0000000604c00000, 0x0000000604c00000, 0x0000000605000000|  0%| F|  |TAMS 0x0000000604c00000| PB 0x0000000604c00000| Untracked |  0
|  15|0x0000000605000000, 0x0000000605000000, 0x0000000605400000|  0%| F|  |TAMS 0x0000000605000000| PB 0x0000000605000000| Untracked |  0
|  16|0x0000000605400000, 0x0000000605400000, 0x0000000605800000|  0%| F|  |TAMS 0x0000000605400000| PB 0x0000000605400000| Untracked |  0
|  17|0x0000000605800000, 0x0000000605800000, 0x0000000605c00000|  0%| F|  |TAMS 0x0000000605800000| PB 0x0000000605800000| Untracked |  0
|  18|0x0000000605c00000, 0x0000000605c00000, 0x0000000606000000|  0%| F|  |TAMS 0x0000000605c00000| PB 0x0000000605c00000| Untracked |  0
|  19|0x0000000606000000, 0x0000000606000000, 0x0000000606400000|  0%| F|  |TAMS 0x0000000606000000| PB 0x0000000606000000| Untracked |  0
|  20|0x0000000606400000, 0x0000000606400000, 0x0000000606800000|  0%| F|  |TAMS 0x0000000606400000| PB 0x0000000606400000| Untracked |  0
|  21|0x0000000606800000, 0x0000000606800000, 0x0000000606c00000|  0%| F|  |TAMS 0x0000000606800000| PB 0x0000000606800000| Untracked |  0
|  22|0x0000000606c00000, 0x0000000606c00000, 0x0000000607000000|  0%| F|  |TAMS 0x0000000606c00000| PB 0x0000000606c00000| Untracked |  0
|  23|0x0000000607000000, 0x0000000607000000, 0x0000000607400000|  0%| F|  |TAMS 0x0000000607000000| PB 0x0000000607000000| Untracked |  0
|  24|0x0000000607400000, 0x0000000607400000, 0x0000000607800000|  0%| F|  |TAMS 0x0000000607400000| PB 0x0000000607400000| Untracked |  0
|  25|0x0000000607800000, 0x0000000607800000, 0x0000000607c00000|  0%| F|  |TAMS 0x0000000607800000| PB 0x0000000607800000| Untracked |  0
|  26|0x0000000607c00000, 0x0000000607c00000, 0x0000000608000000|  0%| F|  |TAMS 0x0000000607c00000| PB 0x0000000607c00000| Untracked |  0
|  27|0x0000000608000000, 0x0000000608000000, 0x0000000608400000|  0%| F|  |TAMS 0x0000000608000000| PB 0x0000000608000000| Untracked |  0
|  28|0x0000000608400000, 0x0000000608400000, 0x0000000608800000|  0%| F|  |TAMS 0x0000000608400000| PB 0x0000000608400000| Untracked |  0
|  29|0x0000000608800000, 0x0000000608800000, 0x0000000608c00000|  0%| F|  |TAMS 0x0000000608800000| PB 0x0000000608800000| Untracked |  0
|  30|0x0000000608c00000, 0x0000000608c00000, 0x0000000609000000|  0%| F|  |TAMS 0x0000000608c00000| PB 0x0000000608c00000| Untracked |  0
|  31|0x0000000609000000, 0x0000000609000000, 0x0000000609400000|  0%| F|  |TAMS 0x0000000609000000| PB 0x0000000609000000| Untracked |  0
|  32|0x0000000609400000, 0x0000000609400000, 0x0000000609800000|  0%| F|  |TAMS 0x0000000609400000| PB 0x0000000609400000| Untracked |  0
|  33|0x0000000609800000, 0x0000000609800000, 0x0000000609c00000|  0%| F|  |TAMS 0x0000000609800000| PB 0x0000000609800000| Untracked |  0
|  34|0x0000000609c00000, 0x0000000609c00000, 0x000000060a000000|  0%| F|  |TAMS 0x0000000609c00000| PB 0x0000000609c00000| Untracked |  0
|  35|0x000000060a000000, 0x000000060a000000, 0x000000060a400000|  0%| F|  |TAMS 0x000000060a000000| PB 0x000000060a000000| Untracked |  0
|  36|0x000000060a400000, 0x000000060a400000, 0x000000060a800000|  0%| F|  |TAMS 0x000000060a400000| PB 0x000000060a400000| Untracked |  0
|  37|0x000000060a800000, 0x000000060a800000, 0x000000060ac00000|  0%| F|  |TAMS 0x000000060a800000| PB 0x000000060a800000| Untracked |  0
|  38|0x000000060ac00000, 0x000000060ac00000, 0x000000060b000000|  0%| F|  |TAMS 0x000000060ac00000| PB 0x000000060ac00000| Untracked |  0
|  39|0x000000060b000000, 0x000000060b000000, 0x000000060b400000|  0%| F|  |TAMS 0x000000060b000000| PB 0x000000060b000000| Untracked |  0
|  40|0x000000060b400000, 0x000000060b400000, 0x000000060b800000|  0%| F|  |TAMS 0x000000060b400000| PB 0x000000060b400000| Untracked |  0
|  41|0x000000060b800000, 0x000000060b800000, 0x000000060bc00000|  0%| F|  |TAMS 0x000000060b800000| PB 0x000000060b800000| Untracked |  0
|  42|0x000000060bc00000, 0x000000060bc00000, 0x000000060c000000|  0%| F|  |TAMS 0x000000060bc00000| PB 0x000000060bc00000| Untracked |  0
|  43|0x000000060c000000, 0x000000060c000000, 0x000000060c400000|  0%| F|  |TAMS 0x000000060c000000| PB 0x000000060c000000| Untracked |  0
|  44|0x000000060c400000, 0x000000060c400000, 0x000000060c800000|  0%| F|  |TAMS 0x000000060c400000| PB 0x000000060c400000| Untracked |  0
|  45|0x000000060c800000, 0x000000060c800000, 0x000000060cc00000|  0%| F|  |TAMS 0x000000060c800000| PB 0x000000060c800000| Untracked |  0
|  46|0x000000060cc00000, 0x000000060cc00000, 0x000000060d000000|  0%| F|  |TAMS 0x000000060cc00000| PB 0x000000060cc00000| Untracked |  0
|  47|0x000000060d000000, 0x000000060d000000, 0x000000060d400000|  0%| F|  |TAMS 0x000000060d000000| PB 0x000000060d000000| Untracked |  0
|  48|0x000000060d400000, 0x000000060d400000, 0x000000060d800000|  0%| F|  |TAMS 0x000000060d400000| PB 0x000000060d400000| Untracked |  0
|  49|0x000000060d800000, 0x000000060d800000, 0x000000060dc00000|  0%| F|  |TAMS 0x000000060d800000| PB 0x000000060d800000| Untracked |  0
|  50|0x000000060dc00000, 0x000000060dc00000, 0x000000060e000000|  0%| F|  |TAMS 0x000000060dc00000| PB 0x000000060dc00000| Untracked |  0
|  51|0x000000060e000000, 0x000000060e000000, 0x000000060e400000|  0%| F|  |TAMS 0x000000060e000000| PB 0x000000060e000000| Untracked |  0
|  52|0x000000060e400000, 0x000000060e400000, 0x000000060e800000|  0%| F|  |TAMS 0x000000060e400000| PB 0x000000060e400000| Untracked |  0
|  53|0x000000060e800000, 0x000000060e800000, 0x000000060ec00000|  0%| F|  |TAMS 0x000000060e800000| PB 0x000000060e800000| Untracked |  0
|  54|0x000000060ec00000, 0x000000060ec00000, 0x000000060f000000|  0%| F|  |TAMS 0x000000060ec00000| PB 0x000000060ec00000| Untracked |  0
|  55|0x000000060f000000, 0x000000060f000000, 0x000000060f400000|  0%| F|  |TAMS 0x000000060f000000| PB 0x000000060f000000| Untracked |  0
|  56|0x000000060f400000, 0x000000060f400000, 0x000000060f800000|  0%| F|  |TAMS 0x000000060f400000| PB 0x000000060f400000| Untracked |  0
|  57|0x000000060f800000, 0x000000060f800000, 0x000000060fc00000|  0%| F|  |TAMS 0x000000060f800000| PB 0x000000060f800000| Untracked |  0
|  58|0x000000060fc00000, 0x000000060fc00000, 0x0000000610000000|  0%| F|  |TAMS 0x000000060fc00000| PB 0x000000060fc00000| Untracked |  0
|  59|0x0000000610000000, 0x0000000610000000, 0x0000000610400000|  0%| F|  |TAMS 0x0000000610000000| PB 0x0000000610000000| Untracked |  0
|  60|0x0000000610400000, 0x0000000610400000, 0x0000000610800000|  0%| F|  |TAMS 0x0000000610400000| PB 0x0000000610400000| Untracked |  0
|  61|0x0000000610800000, 0x0000000610800000, 0x0000000610c00000|  0%| F|  |TAMS 0x0000000610800000| PB 0x0000000610800000| Untracked |  0
|  62|0x0000000610c00000, 0x0000000610c00000, 0x0000000611000000|  0%| F|  |TAMS 0x0000000610c00000| PB 0x0000000610c00000| Untracked |  0
|  63|0x0000000611000000, 0x0000000611000000, 0x0000000611400000|  0%| F|  |TAMS 0x0000000611000000| PB 0x0000000611000000| Untracked |  0
|  64|0x0000000611400000, 0x0000000611400000, 0x0000000611800000|  0%| F|  |TAMS 0x0000000611400000| PB 0x0000000611400000| Untracked |  0
|  65|0x0000000611800000, 0x0000000611800000, 0x0000000611c00000|  0%| F|  |TAMS 0x0000000611800000| PB 0x0000000611800000| Untracked |  0
|  66|0x0000000611c00000, 0x0000000611c00000, 0x0000000612000000|  0%| F|  |TAMS 0x0000000611c00000| PB 0x0000000611c00000| Untracked |  0
|  67|0x0000000612000000, 0x0000000612000000, 0x0000000612400000|  0%| F|  |TAMS 0x0000000612000000| PB 0x0000000612000000| Untracked |  0
|  68|0x0000000612400000, 0x0000000612400000, 0x0000000612800000|  0%| F|  |TAMS 0x0000000612400000| PB 0x0000000612400000| Untracked |  0
|  69|0x0000000612800000, 0x0000000612800000, 0x0000000612c00000|  0%| F|  |TAMS 0x0000000612800000| PB 0x0000000612800000| Untracked |  0
|  70|0x0000000612c00000, 0x0000000612c00000, 0x0000000613000000|  0%| F|  |TAMS 0x0000000612c00000| PB 0x0000000612c00000| Untracked |  0
|  71|0x0000000613000000, 0x0000000613000000, 0x0000000613400000|  0%| F|  |TAMS 0x0000000613000000| PB 0x0000000613000000| Untracked |  0
|  72|0x0000000613400000, 0x0000000613400000, 0x0000000613800000|  0%| F|  |TAMS 0x0000000613400000| PB 0x0000000613400000| Untracked |  0
|  73|0x0000000613800000, 0x0000000613800000, 0x0000000613c00000|  0%| F|  |TAMS 0x0000000613800000| PB 0x0000000613800000| Untracked |  0
|  74|0x0000000613c00000, 0x0000000613c00000, 0x0000000614000000|  0%| F|  |TAMS 0x0000000613c00000| PB 0x0000000613c00000| Untracked |  0
|  75|0x0000000614000000, 0x0000000614000000, 0x0000000614400000|  0%| F|  |TAMS 0x0000000614000000| PB 0x0000000614000000| Untracked |  0
|  76|0x0000000614400000, 0x0000000614400000, 0x0000000614800000|  0%| F|  |TAMS 0x0000000614400000| PB 0x0000000614400000| Untracked |  0
|  77|0x0000000614800000, 0x0000000614800000, 0x0000000614c00000|  0%| F|  |TAMS 0x0000000614800000| PB 0x0000000614800000| Untracked |  0
|  78|0x0000000614c00000, 0x0000000614c00000, 0x0000000615000000|  0%| F|  |TAMS 0x0000000614c00000| PB 0x0000000614c00000| Untracked |  0
|  79|0x0000000615000000, 0x0000000615000000, 0x0000000615400000|  0%| F|  |TAMS 0x0000000615000000| PB 0x0000000615000000| Untracked |  0
|  80|0x0000000615400000, 0x0000000615400000, 0x0000000615800000|  0%| F|  |TAMS 0x0000000615400000| PB 0x0000000615400000| Untracked |  0
|  81|0x0000000615800000, 0x0000000615800000, 0x0000000615c00000|  0%| F|  |TAMS 0x0000000615800000| PB 0x0000000615800000| Untracked |  0
|  82|0x0000000615c00000, 0x0000000615c00000, 0x0000000616000000|  0%| F|  |TAMS 0x0000000615c00000| PB 0x0000000615c00000| Untracked |  0
|  83|0x0000000616000000, 0x0000000616000000, 0x0000000616400000|  0%| F|  |TAMS 0x0000000616000000| PB 0x0000000616000000| Untracked |  0
|  84|0x0000000616400000, 0x0000000616400000, 0x0000000616800000|  0%| F|  |TAMS 0x0000000616400000| PB 0x0000000616400000| Untracked |  0
|  85|0x0000000616800000, 0x0000000616800000, 0x0000000616c00000|  0%| F|  |TAMS 0x0000000616800000| PB 0x0000000616800000| Untracked |  0
|  86|0x0000000616c00000, 0x0000000616c00000, 0x0000000617000000|  0%| F|  |TAMS 0x0000000616c00000| PB 0x0000000616c00000| Untracked |  0
|  87|0x0000000617000000, 0x0000000617000000, 0x0000000617400000|  0%| F|  |TAMS 0x0000000617000000| PB 0x0000000617000000| Untracked |  0
|  88|0x0000000617400000, 0x0000000617400000, 0x0000000617800000|  0%| F|  |TAMS 0x0000000617400000| PB 0x0000000617400000| Untracked |  0
|  89|0x0000000617800000, 0x0000000617800000, 0x0000000617c00000|  0%| F|  |TAMS 0x0000000617800000| PB 0x0000000617800000| Untracked |  0
|  90|0x0000000617c00000, 0x0000000617c00000, 0x0000000618000000|  0%| F|  |TAMS 0x0000000617c00000| PB 0x0000000617c00000| Untracked |  0
|  91|0x0000000618000000, 0x0000000618000000, 0x0000000618400000|  0%| F|  |TAMS 0x0000000618000000| PB 0x0000000618000000| Untracked |  0
|  92|0x0000000618400000, 0x0000000618400000, 0x0000000618800000|  0%| F|  |TAMS 0x0000000618400000| PB 0x0000000618400000| Untracked |  0
|  93|0x0000000618800000, 0x0000000618800000, 0x0000000618c00000|  0%| F|  |TAMS 0x0000000618800000| PB 0x0000000618800000| Untracked |  0
|  94|0x0000000618c00000, 0x0000000618c00000, 0x0000000619000000|  0%| F|  |TAMS 0x0000000618c00000| PB 0x0000000618c00000| Untracked |  0
|  95|0x0000000619000000, 0x0000000619000000, 0x0000000619400000|  0%| F|  |TAMS 0x0000000619000000| PB 0x0000000619000000| Untracked |  0
|  96|0x0000000619400000, 0x0000000619400000, 0x0000000619800000|  0%| F|  |TAMS 0x0000000619400000| PB 0x0000000619400000| Untracked |  0
|  97|0x0000000619800000, 0x0000000619800000, 0x0000000619c00000|  0%| F|  |TAMS 0x0000000619800000| PB 0x0000000619800000| Untracked |  0
|  98|0x0000000619c00000, 0x0000000619c00000, 0x000000061a000000|  0%| F|  |TAMS 0x0000000619c00000| PB 0x0000000619c00000| Untracked |  0
|  99|0x000000061a000000, 0x000000061a000000, 0x000000061a400000|  0%| F|  |TAMS 0x000000061a000000| PB 0x000000061a000000| Untracked |  0
| 100|0x000000061a400000, 0x000000061a400000, 0x000000061a800000|  0%| F|  |TAMS 0x000000061a400000| PB 0x000000061a400000| Untracked |  0
| 101|0x000000061a800000, 0x000000061a800000, 0x000000061ac00000|  0%| F|  |TAMS 0x000000061a800000| PB 0x000000061a800000| Untracked |  0
| 102|0x000000061ac00000, 0x000000061ac00000, 0x000000061b000000|  0%| F|  |TAMS 0x000000061ac00000| PB 0x000000061ac00000| Untracked |  0
| 103|0x000000061b000000, 0x000000061b000000, 0x000000061b400000|  0%| F|  |TAMS 0x000000061b000000| PB 0x000000061b000000| Untracked |  0
| 104|0x000000061b400000, 0x000000061b400000, 0x000000061b800000|  0%| F|  |TAMS 0x000000061b400000| PB 0x000000061b400000| Untracked |  0
| 105|0x000000061b800000, 0x000000061b800000, 0x000000061bc00000|  0%| F|  |TAMS 0x000000061b800000| PB 0x000000061b800000| Untracked |  0
| 106|0x000000061bc00000, 0x000000061bc00000, 0x000000061c000000|  0%| F|  |TAMS 0x000000061bc00000| PB 0x000000061bc00000| Untracked |  0
| 107|0x000000061c000000, 0x000000061c000000, 0x000000061c400000|  0%| F|  |TAMS 0x000000061c000000| PB 0x000000061c000000| Untracked |  0
| 108|0x000000061c400000, 0x000000061c400000, 0x000000061c800000|  0%| F|  |TAMS 0x000000061c400000| PB 0x000000061c400000| Untracked |  0
| 109|0x000000061c800000, 0x000000061c800000, 0x000000061cc00000|  0%| F|  |TAMS 0x000000061c800000| PB 0x000000061c800000| Untracked |  0
| 110|0x000000061cc00000, 0x000000061cc00000, 0x000000061d000000|  0%| F|  |TAMS 0x000000061cc00000| PB 0x000000061cc00000| Untracked |  0
| 111|0x000000061d000000, 0x000000061d000000, 0x000000061d400000|  0%| F|  |TAMS 0x000000061d000000| PB 0x000000061d000000| Untracked |  0
| 112|0x000000061d400000, 0x000000061d400000, 0x000000061d800000|  0%| F|  |TAMS 0x000000061d400000| PB 0x000000061d400000| Untracked |  0
| 113|0x000000061d800000, 0x000000061d800000, 0x000000061dc00000|  0%| F|  |TAMS 0x000000061d800000| PB 0x000000061d800000| Untracked |  0
| 114|0x000000061dc00000, 0x000000061dc00000, 0x000000061e000000|  0%| F|  |TAMS 0x000000061dc00000| PB 0x000000061dc00000| Untracked |  0
| 115|0x000000061e000000, 0x000000061e000000, 0x000000061e400000|  0%| F|  |TAMS 0x000000061e000000| PB 0x000000061e000000| Untracked |  0
| 116|0x000000061e400000, 0x000000061e400000, 0x000000061e800000|  0%| F|  |TAMS 0x000000061e400000| PB 0x000000061e400000| Untracked |  0
| 117|0x000000061e800000, 0x000000061e800000, 0x000000061ec00000|  0%| F|  |TAMS 0x000000061e800000| PB 0x000000061e800000| Untracked |  0
| 118|0x000000061ec00000, 0x000000061ec00000, 0x000000061f000000|  0%| F|  |TAMS 0x000000061ec00000| PB 0x000000061ec00000| Untracked |  0
| 119|0x000000061f000000, 0x000000061f000000, 0x000000061f400000|  0%| F|  |TAMS 0x000000061f000000| PB 0x000000061f000000| Untracked |  0
| 120|0x000000061f400000, 0x000000061f400000, 0x000000061f800000|  0%| F|  |TAMS 0x000000061f400000| PB 0x000000061f400000| Untracked |  0
| 121|0x000000061f800000, 0x000000061fc00000, 0x000000061fc00000|100%| S|CS|TAMS 0x000000061f800000| PB 0x000000061f800000| Complete |  0
| 122|0x000000061fc00000, 0x000000061fc00000, 0x0000000620000000|  0%| F|  |TAMS 0x000000061fc00000| PB 0x000000061fc00000| Untracked |  0
| 123|0x0000000620000000, 0x0000000620000000, 0x0000000620400000|  0%| F|  |TAMS 0x0000000620000000| PB 0x0000000620000000| Untracked |  0
| 124|0x0000000620400000, 0x0000000620400000, 0x0000000620800000|  0%| F|  |TAMS 0x0000000620400000| PB 0x0000000620400000| Untracked |  0
| 125|0x0000000620800000, 0x0000000620994ad0, 0x0000000620c00000| 39%| E|  |TAMS 0x0000000620800000| PB 0x0000000620800000| Complete |  0
| 126|0x0000000620c00000, 0x0000000621000000, 0x0000000621000000|100%| E|CS|TAMS 0x0000000620c00000| PB 0x0000000620c00000| Complete |  0
| 127|0x0000000621000000, 0x0000000621400000, 0x0000000621400000|100%| E|CS|TAMS 0x0000000621000000| PB 0x0000000621000000| Complete |  0

Card table byte_map: [0x00000277323f0000,0x00000277333f0000] _byte_map_base: 0x000002772f3e6000

Marking Bits: (CMBitMap*) 0x0000027719708420
 Bits: [0x00000277333f0000, 0x000002773b3a0000)

Polling page: 0x00000277174f0000

Metaspace:

Usage:
  Non-class:      6.27 MB used.
      Class:    872.49 KB used.
       Both:      7.13 MB used.

Virtual space:
  Non-class space:       64.00 MB reserved,       6.38 MB ( 10%) committed,  1 nodes.
      Class space:        1.00 GB reserved,     960.00 KB ( <1%) committed,  1 nodes.
             Both:        1.06 GB reserved,       7.31 MB ( <1%) committed. 

Chunk freelists:
   Non-Class:  8.55 MB
       Class:  14.91 MB
        Both:  23.45 MB

MaxMetaspaceSize: unlimited
CompressedClassSpaceSize: 1.00 GB
Initial GC threshold: 21.00 MB
Current GC threshold: 21.00 MB
CDS: on
 - commit_granule_bytes: 65536.
 - commit_granule_words: 8192.
 - virtual_space_node_default_size: 8388608.
 - enlarge_chunks_in_place: 1.
 - use_allocation_guard: 0.


Internal statistics:

num_allocs_failed_limit: 0.
num_arena_births: 66.
num_arena_deaths: 0.
num_vsnodes_births: 2.
num_vsnodes_deaths: 0.
num_space_committed: 117.
num_space_uncommitted: 0.
num_chunks_returned_to_freelist: 0.
num_chunks_taken_from_freelist: 262.
num_chunk_merges: 0.
num_chunk_splits: 174.
num_chunks_enlarged: 137.
num_inconsistent_stats: 0.

CodeHeap 'non-profiled nmethods': size=120064Kb used=444Kb max_used=444Kb free=119620Kb
 bounds [0x0000027729850000, 0x0000027729ac0000, 0x0000027730d90000]
CodeHeap 'profiled nmethods': size=120000Kb used=2138Kb max_used=2138Kb free=117861Kb
 bounds [0x0000027721d90000, 0x0000027722000000, 0x00000277292c0000]
CodeHeap 'non-nmethods': size=5696Kb used=1384Kb max_used=1407Kb free=4311Kb
 bounds [0x00000277292c0000, 0x0000027729530000, 0x0000027729850000]
CodeCache: size=245760Kb, used=3966Kb, max_used=3989Kb, free=241792Kb
 total_blobs=2095, nmethods=1602, adapters=399, full_count=0
Compilation: enabled, stopped_count=0, restarted_count=0

Compilation events (20 events):
Event: 0.535 Thread 0x0000027784189180 nmethod 1270 0x00000277298ac688 code [0x00000277298ac780, 0x00000277298ac838]
Event: 0.535 Thread 0x000002773e1364b0 1282       3       org.eclipse.sisu.plexus.PlexusXmlScanner::TEXT (10 bytes)
Event: 0.535 Thread 0x0000027784189180 1257       4       org.codehaus.plexus.util.xml.XmlReader::read (11 bytes)
Event: 0.536 Thread 0x000002773e1364b0 nmethod 1282 0x0000027721f51608 code [0x0000027721f51780, 0x0000027721f51b10]
Event: 0.536 Thread 0x000002773e1364b0 1284   !   3       java.util.jar.JarFile$JarFileEntry::getCodeSigners (77 bytes)
Event: 0.537 Thread 0x000002773e1364b0 nmethod 1284 0x0000027721f51b88 code [0x0000027721f51d20, 0x0000027721f52270]
Event: 0.537 Thread 0x000002773e1364b0 1283       3       org.codehaus.plexus.util.xml.pull.MXParser::nextText (103 bytes)
Event: 0.538 Thread 0x000002773e1364b0 nmethod 1283 0x0000027721f52288 code [0x0000027721f524e0, 0x0000027721f530a8]
Event: 0.538 Thread 0x000002773e1364b0 1285       3       java.lang.ClassLoader::defineClass (43 bytes)
Event: 0.538 Thread 0x000002773e1364b0 nmethod 1285 0x0000027721f53108 code [0x0000027721f53280, 0x0000027721f53790]
Event: 0.540 Thread 0x000002773e1364b0 1286   !   3       java.lang.String::<init> (880 bytes)
Event: 0.544 Thread 0x000002773e1364b0 nmethod 1286 0x0000027721f53808 code [0x0000027721f53ce0, 0x0000027721f56a78]
Event: 0.544 Thread 0x000002773e1364b0 1287       3       java.lang.Character::charCount (12 bytes)
Event: 0.544 Thread 0x000002773e1364b0 nmethod 1287 0x0000027721f56b88 code [0x0000027721f56ca0, 0x0000027721f56e00]
Event: 0.544 Thread 0x000002773e1364b0 1288       3       java.lang.StringBuilder::charAt (6 bytes)
Event: 0.544 Thread 0x000002773e1364b0 nmethod 1288 0x0000027721f56e88 code [0x0000027721f56fa0, 0x0000027721f570e0]
Event: 0.549 Thread 0x000002773e1364b0 1300       1       org.codehaus.plexus.util.xml.pull.MXParser::getDepth (5 bytes)
Event: 0.549 Thread 0x000002773e1364b0 nmethod 1300 0x00000277298ac988 code [0x00000277298acaa0, 0x00000277298acb68]
Event: 0.550 Thread 0x000002773e1364b0 1301       2       java.nio.ByteBuffer::flip (7 bytes)
Event: 0.550 Thread 0x000002773e1364b0 nmethod 1301 0x0000027721f57188 code [0x0000027721f572a0, 0x0000027721f573c0]

GC Heap History (1 events):
Event: 0.557 GC heap before
{Heap before GC invocations=0 (full 0):
 garbage-first heap   total reserved 8368128K, committed 524288K, used 24576K [0x0000000601400000, 0x0000000800000000)
  region size 4096K, 6 young (24576K), 0 survivors (0K)
 Metaspace       used 6358K, committed 6528K, reserved 1114112K
  class space    used 759K, committed 832K, reserved 1048576K
}

Dll operation events (12 events):
Event: 0.008 Loaded shared library C:\Users\Daniel\.jdks\openjdk-23\bin\java.dll
Event: 0.028 Loaded shared library C:\Users\Daniel\.jdks\openjdk-23\bin\jsvml.dll
Event: 0.057 Loaded shared library C:\Users\Daniel\.jdks\openjdk-23\bin\zip.dll
Event: 0.060 Loaded shared library C:\Users\Daniel\.jdks\openjdk-23\bin\instrument.dll
Event: 0.063 Loaded shared library C:\Users\Daniel\.jdks\openjdk-23\bin\net.dll
Event: 0.065 Loaded shared library C:\Users\Daniel\.jdks\openjdk-23\bin\nio.dll
Event: 0.068 Loaded shared library C:\Users\Daniel\.jdks\openjdk-23\bin\zip.dll
Event: 0.078 Loaded shared library C:\Program Files\JetBrains\IntelliJ IDEA 2023.3.3\bin\breakgen64.dll
Event: 0.087 Loaded shared library C:\Users\Daniel\.jdks\openjdk-23\bin\extnet.dll
Event: 0.168 Loaded shared library C:\Users\Daniel\.jdks\openjdk-23\bin\jimage.dll
Event: 0.183 Loaded shared library C:\Users\Daniel\AppData\Local\Temp\jansi-2.4.0-ab8413bff06bc609-jansi.dll
Event: 0.193 Loaded shared library C:\Users\Daniel\.jdks\openjdk-23\bin\verify.dll

Deoptimization events (20 events):
Event: 0.298 Thread 0x000002771965e380 DEOPT PACKING pc=0x0000027729869c10 sp=0x0000008162dfe050
Event: 0.298 Thread 0x000002771965e380 DEOPT UNPACKING pc=0x0000027729314402 sp=0x0000008162dfdf80 mode 2
Event: 0.298 Thread 0x000002771965e380 Uncommon trap: trap_request=0xffffff45 fr.pc=0x000002772986b5e0 relative=0x00000000000004a0
Event: 0.299 Thread 0x000002771965e380 Uncommon trap: reason=unstable_if action=reinterpret pc=0x000002772986b5e0 method=java.lang.AbstractStringBuilder.isLatin1()Z @ 10 c2
Event: 0.299 Thread 0x000002771965e380 DEOPT PACKING pc=0x000002772986b5e0 sp=0x0000008162dfe070
Event: 0.299 Thread 0x000002771965e380 DEOPT UNPACKING pc=0x0000027729314402 sp=0x0000008162dfe000 mode 2
Event: 0.500 Thread 0x000002771965e380 Uncommon trap: trap_request=0xffffff6e fr.pc=0x00000277298865d8 relative=0x0000000000000438
Event: 0.500 Thread 0x000002771965e380 Uncommon trap: reason=loop_limit_check action=maybe_recompile pc=0x00000277298865d8 method=java.lang.StringLatin1.indexOf([BI[BII)I @ 37 c2
Event: 0.500 Thread 0x000002771965e380 DEOPT PACKING pc=0x00000277298865d8 sp=0x0000008162dfd970
Event: 0.500 Thread 0x000002771965e380 DEOPT UNPACKING pc=0x0000027729314402 sp=0x0000008162dfd8d0 mode 2
Event: 0.501 Thread 0x000002771965e380 Uncommon trap: trap_request=0xffffff76 fr.pc=0x0000027729888670 relative=0x0000000000000310
Event: 0.501 Thread 0x000002771965e380 Uncommon trap: reason=predicate action=maybe_recompile pc=0x0000027729888670 method=java.util.regex.Pattern$BmpCharPropertyGreedy.match(Ljava/util/regex/Matcher;ILjava/lang/CharSequence;)Z @ 12 c2
Event: 0.501 Thread 0x000002771965e380 DEOPT PACKING pc=0x0000027729888670 sp=0x0000008162dfdbb0
Event: 0.501 Thread 0x000002771965e380 DEOPT UNPACKING pc=0x0000027729314402 sp=0x0000008162dfdb68 mode 2
Event: 0.511 Thread 0x000002771965e380 Uncommon trap: trap_request=0xffffffde fr.pc=0x000002772988b8b4 relative=0x0000000000000a74
Event: 0.511 Thread 0x000002771965e380 Uncommon trap: reason=class_check action=maybe_recompile pc=0x000002772988b8b4 method=java.util.HashMap.putVal(ILjava/lang/Object;Ljava/lang/Object;ZZ)Ljava/lang/Object; @ 91 c2
Event: 0.511 Thread 0x000002771965e380 DEOPT PACKING pc=0x000002772988b8b4 sp=0x0000008162dfe020
Event: 0.511 Thread 0x000002771965e380 DEOPT UNPACKING pc=0x0000027729314402 sp=0x0000008162dfdf58 mode 2
Event: 0.540 Thread 0x000002771965e380 DEOPT PACKING pc=0x0000027721ded898 sp=0x0000008162dfdcc0
Event: 0.540 Thread 0x000002771965e380 DEOPT UNPACKING pc=0x0000027729314b22 sp=0x0000008162dfd198 mode 0

Classes loaded (20 events):
Event: 0.473 Loading class java/util/concurrent/CancellationException
Event: 0.473 Loading class java/util/concurrent/CancellationException done
Event: 0.474 Loading class java/util/concurrent/TimeoutException
Event: 0.474 Loading class java/util/concurrent/TimeoutException done
Event: 0.475 Loading class sun/misc/Unsafe
Event: 0.475 Loading class sun/misc/Unsafe done
Event: 0.475 Loading class sun/misc/Unsafe$MemoryAccessOption
Event: 0.475 Loading class sun/misc/Unsafe$MemoryAccessOption done
Event: 0.476 Loading class java/lang/invoke/DirectMethodHandle$StaticAccessor
Event: 0.476 Loading class java/lang/invoke/DirectMethodHandle$StaticAccessor done
Event: 0.479 Loading class java/lang/reflect/ParameterizedType
Event: 0.479 Loading class java/lang/reflect/ParameterizedType done
Event: 0.482 Loading class java/lang/reflect/WildcardType
Event: 0.482 Loading class java/lang/reflect/WildcardType done
Event: 0.487 Loading class sun/reflect/generics/tree/TypeVariableSignature
Event: 0.487 Loading class sun/reflect/generics/tree/TypeVariableSignature done
Event: 0.497 Loading class java/lang/annotation/IncompleteAnnotationException
Event: 0.497 Loading class java/lang/annotation/IncompleteAnnotationException done
Event: 0.532 Loading class java/lang/foreign/MemorySegment
Event: 0.532 Loading class java/lang/foreign/MemorySegment done

Classes unloaded (0 events):
No events

Classes redefined (0 events):
No events

Internal exceptions (20 events):
Event: 0.076 Thread 0x000002771965e380 Exception <a 'java/lang/NoSuchMethodError'{0x00000006212cc4f8}: 'java.lang.Object java.lang.invoke.Invokers$Holder.invokeExact_MT(java.lang.Object, java.lang.Object, java.lang.Object, java.lang.Object, java.lang.Object)'> (0x00000006212cc4f8) 
thrown [s\open\src\hotspot\share\interpreter\linkResolver.cpp, line 796]
Event: 0.088 Thread 0x000002773e36fcb0 Exception <a 'java/lang/NoSuchMethodError'{0x00000006212ea828}: 'void java.lang.invoke.DirectMethodHandle$Holder.invokeStatic(java.lang.Object, java.lang.Object)'> (0x00000006212ea828) 
thrown [s\open\src\hotspot\share\interpreter\linkResolver.cpp, line 796]
Event: 0.100 Thread 0x000002771965e380 Exception <a 'java/lang/NoSuchMethodError'{0x00000006213c2fa0}: 'int java.lang.invoke.DirectMethodHandle$Holder.invokeSpecial(java.lang.Object, java.lang.Object, java.lang.Object)'> (0x00000006213c2fa0) 
thrown [s\open\src\hotspot\share\interpreter\linkResolver.cpp, line 796]
Event: 0.165 Thread 0x000002771965e380 Exception <a 'java/lang/NullPointerException'{0x0000000620e159a8}> (0x0000000620e159a8) 
thrown [s\open\src\hotspot\share\interpreter\linkResolver.cpp, line 1389]
Event: 0.191 Thread 0x000002771965e380 Exception <a 'sun/nio/fs/WindowsException'{0x0000000620ea1658}> (0x0000000620ea1658) 
thrown [s\open\src\hotspot\share\prims\jni.cpp, line 520]
Event: 0.191 Thread 0x000002771965e380 Exception <a 'sun/nio/fs/WindowsException'{0x0000000620ea1e08}> (0x0000000620ea1e08) 
thrown [s\open\src\hotspot\share\prims\jni.cpp, line 520]
Event: 0.191 Thread 0x000002771965e380 Exception <a 'sun/nio/fs/WindowsException'{0x0000000620ea2440}> (0x0000000620ea2440) 
thrown [s\open\src\hotspot\share\prims\jni.cpp, line 520]
Event: 0.191 Thread 0x000002771965e380 Exception <a 'sun/nio/fs/WindowsException'{0x0000000620ea2a58}> (0x0000000620ea2a58) 
thrown [s\open\src\hotspot\share\prims\jni.cpp, line 520]
Event: 0.191 Thread 0x000002771965e380 Exception <a 'sun/nio/fs/WindowsException'{0x0000000620ea2fd0}> (0x0000000620ea2fd0) 
thrown [s\open\src\hotspot\share\prims\jni.cpp, line 520]
Event: 0.192 Thread 0x000002771965e380 Exception <a 'sun/nio/fs/WindowsException'{0x0000000620ea3528}> (0x0000000620ea3528) 
thrown [s\open\src\hotspot\share\prims\jni.cpp, line 520]
Event: 0.192 Thread 0x000002771965e380 Exception <a 'sun/nio/fs/WindowsException'{0x0000000620ea3a30}> (0x0000000620ea3a30) 
thrown [s\open\src\hotspot\share\prims\jni.cpp, line 520]
Event: 0.192 Thread 0x000002771965e380 Exception <a 'sun/nio/fs/WindowsException'{0x0000000620ea3ef0}> (0x0000000620ea3ef0) 
thrown [s\open\src\hotspot\share\prims\jni.cpp, line 520]
Event: 0.256 Thread 0x000002771965e380 Exception <a 'java/lang/NoSuchMethodError'{0x00000006208c5760}: 'java.lang.Object java.lang.invoke.DirectMethodHandle$Holder.invokeSpecialIFC(java.lang.Object, java.lang.Object, java.lang.Object, java.lang.Object)'> (0x00000006208c5760) 
thrown [s\open\src\hotspot\share\interpreter\linkResolver.cpp, line 796]
Event: 0.372 Thread 0x000002771965e380 Exception <a 'java/lang/NoSuchMethodError'{0x0000000620641d78}: 'void java.lang.invoke.DirectMethodHandle$Holder.invokeSpecial(java.lang.Object, java.lang.Object, java.lang.Object)'> (0x0000000620641d78) 
thrown [s\open\src\hotspot\share\interpreter\linkResolver.cpp, line 796]
Event: 0.398 Thread 0x000002771965e380 Exception <a 'java/lang/NoSuchMethodError'{0x0000000620789128}: 'java.lang.Object java.lang.invoke.DirectMethodHandle$Holder.invokeInterface(java.lang.Object, java.lang.Object)'> (0x0000000620789128) 
thrown [s\open\src\hotspot\share\interpreter\linkResolver.cpp, line 796]
Event: 0.410 Thread 0x000002771965e380 Exception <a 'java/lang/NoSuchMethodError'{0x00000006200200d8}: 'int java.lang.invoke.DirectMethodHandle$Holder.invokeStatic(java.lang.Object, java.lang.Object, java.lang.Object, java.lang.Object)'> (0x00000006200200d8) 
thrown [s\open\src\hotspot\share\interpreter\linkResolver.cpp, line 796]
Event: 0.412 Thread 0x000002771965e380 Exception <a 'java/lang/NoSuchMethodError'{0x000000062002e990}: 'int java.lang.invoke.DirectMethodHandle$Holder.invokeSpecialIFC(java.lang.Object, java.lang.Object, java.lang.Object, java.lang.Object, java.lang.Object)'> (0x000000062002e990) 
thrown [s\open\src\hotspot\share\interpreter\linkResolver.cpp, line 796]
Event: 0.452 Thread 0x000002771965e380 Exception <a 'java/lang/NoSuchMethodError'{0x00000006201bedd0}: 'void java.lang.invoke.DirectMethodHandle$Holder.invokeStatic(java.lang.Object, int, java.lang.Object)'> (0x00000006201bedd0) 
thrown [s\open\src\hotspot\share\interpreter\linkResolver.cpp, line 796]
Event: 0.492 Thread 0x000002771965e380 Exception <a 'java/lang/NoSuchMethodError'{0x00000006203271f0}: 'int java.lang.invoke.DirectMethodHandle$Holder.invokeStaticInit(java.lang.Object, java.lang.Object)'> (0x00000006203271f0) 
thrown [s\open\src\hotspot\share\interpreter\linkResolver.cpp, line 796]
Event: 0.497 Thread 0x000002771965e380 Exception <a 'java/lang/NoClassDefFoundError'{0x000000062035bb30}: javax/enterprise/inject/Typed> (0x000000062035bb30) 
thrown [s\open\src\hotspot\share\classfile\systemDictionary.cpp, line 302]

VM Operations (5 events):
Event: 0.164 Executing VM operation: HandshakeAllThreads (Deoptimize)
Event: 0.164 Executing VM operation: HandshakeAllThreads (Deoptimize) done
Event: 0.171 Executing VM operation: HandshakeAllThreads (Deoptimize)
Event: 0.171 Executing VM operation: HandshakeAllThreads (Deoptimize) done
Event: 0.557 Executing VM operation: G1CollectForAllocation (G1 Evacuation Pause)

Memory protections (0 events):
No events

Nmethod flushes (0 events):
No events

Events (14 events):
Event: 0.018 Thread 0x000002771965e380 Thread added: 0x000002771965e380
Event: 0.027 Thread 0x000002771965e380 Thread added: 0x000002773e0fc120
Event: 0.027 Thread 0x000002771965e380 Thread added: 0x000002773e0fef50
Event: 0.027 Thread 0x000002771965e380 Thread added: 0x000002773e101110
Event: 0.027 Thread 0x000002771965e380 Thread added: 0x000002773e101ec0
Event: 0.027 Thread 0x000002771965e380 Thread added: 0x000002773e102a50
Event: 0.027 Thread 0x000002771965e380 Thread added: 0x000002773e1034b0
Event: 0.027 Thread 0x000002771965e380 Thread added: 0x000002773e1128a0
Event: 0.027 Thread 0x000002771965e380 Thread added: 0x000002773e1364b0
Event: 0.043 Thread 0x000002771965e380 Thread added: 0x000002773e20f4c0
Event: 0.079 Thread 0x000002771965e380 Thread added: 0x000002773e36fcb0
Event: 0.079 Thread 0x000002771965e380 Thread added: 0x000002773e372330
Event: 0.295 Thread 0x000002773e1364b0 Thread added: 0x000002773e7f0d10
Event: 0.528 Thread 0x000002773e1364b0 Thread added: 0x0000027784189180


Dynamic libraries:
0x00007ff778490000 - 0x00007ff77849e000 	C:\Users\Daniel\.jdks\openjdk-23\bin\java.exe
0x00007fff06bd0000 - 0x00007fff06de7000 	C:\WINDOWS\SYSTEM32\ntdll.dll
0x00007fff05f60000 - 0x00007fff06024000 	C:\WINDOWS\System32\KERNEL32.DLL
0x00007fff042f0000 - 0x00007fff046a9000 	C:\WINDOWS\System32\KERNELBASE.dll
0x00007fff047d0000 - 0x00007fff048e1000 	C:\WINDOWS\System32\ucrtbase.dll
0x00007ffeb5bc0000 - 0x00007ffeb5bdb000 	C:\Users\Daniel\.jdks\openjdk-23\bin\VCRUNTIME140.dll
0x00007ffeb9a20000 - 0x00007ffeb9a37000 	C:\Users\Daniel\.jdks\openjdk-23\bin\jli.dll
0x00007fff04c50000 - 0x00007fff04dfe000 	C:\WINDOWS\System32\USER32.dll
0x00007fff04720000 - 0x00007fff04746000 	C:\WINDOWS\System32\win32u.dll
0x00007ffef0280000 - 0x00007ffef0512000 	C:\WINDOWS\WinSxS\amd64_microsoft.windows.common-controls_6595b64144ccf1df_6.0.22621.4391_none_2715d37f73803e96\COMCTL32.dll
0x00007fff05bc0000 - 0x00007fff05be9000 	C:\WINDOWS\System32\GDI32.dll
0x00007fff05eb0000 - 0x00007fff05f57000 	C:\WINDOWS\System32\msvcrt.dll
0x00007fff04070000 - 0x00007fff0418b000 	C:\WINDOWS\System32\gdi32full.dll
0x00007fff04190000 - 0x00007fff0422a000 	C:\WINDOWS\System32\msvcp_win.dll
0x00007fff05e30000 - 0x00007fff05e61000 	C:\WINDOWS\System32\IMM32.DLL
0x00007ffeddbf0000 - 0x00007ffeddbfc000 	C:\Users\Daniel\.jdks\openjdk-23\bin\vcruntime140_1.dll
0x00007ffeb34a0000 - 0x00007ffeb352e000 	C:\Users\Daniel\.jdks\openjdk-23\bin\msvcp140.dll
0x00007ffe636b0000 - 0x00007ffe643ff000 	C:\Users\Daniel\.jdks\openjdk-23\bin\server\jvm.dll
0x00007fff05b00000 - 0x00007fff05bb2000 	C:\WINDOWS\System32\ADVAPI32.dll
0x00007fff069b0000 - 0x00007fff06a57000 	C:\WINDOWS\System32\sechost.dll
0x00007fff04040000 - 0x00007fff04068000 	C:\WINDOWS\System32\bcrypt.dll
0x00007fff06a60000 - 0x00007fff06b74000 	C:\WINDOWS\System32\RPCRT4.dll
0x00007fff05db0000 - 0x00007fff05e21000 	C:\WINDOWS\System32\WS2_32.dll
0x00007fff02d60000 - 0x00007fff02dad000 	C:\WINDOWS\SYSTEM32\POWRPROF.dll
0x00007ffeffdd0000 - 0x00007ffeffe04000 	C:\WINDOWS\SYSTEM32\WINMM.dll
0x00007ffefe540000 - 0x00007ffefe54a000 	C:\WINDOWS\SYSTEM32\VERSION.dll
0x00007fff02d40000 - 0x00007fff02d53000 	C:\WINDOWS\SYSTEM32\UMPDC.dll
0x00007fff03000000 - 0x00007fff03018000 	C:\WINDOWS\SYSTEM32\kernel.appcore.dll
0x00007ffedd5e0000 - 0x00007ffedd5ea000 	C:\Users\Daniel\.jdks\openjdk-23\bin\jimage.dll
0x00007ffef5c50000 - 0x00007ffef5e82000 	C:\WINDOWS\SYSTEM32\DBGHELP.DLL
0x00007fff06520000 - 0x00007fff068af000 	C:\WINDOWS\System32\combase.dll
0x00007fff058d0000 - 0x00007fff059a7000 	C:\WINDOWS\System32\OLEAUT32.dll
0x00007ffed2fd0000 - 0x00007ffed3002000 	C:\WINDOWS\SYSTEM32\dbgcore.DLL
0x00007fff04750000 - 0x00007fff047cb000 	C:\WINDOWS\System32\bcryptPrimitives.dll
0x00007ffed9060000 - 0x00007ffed906f000 	C:\Users\Daniel\.jdks\openjdk-23\bin\instrument.dll
0x00007ffeb5ba0000 - 0x00007ffeb5bbe000 	C:\Users\Daniel\.jdks\openjdk-23\bin\java.dll
0x00007fff049f0000 - 0x00007fff04b95000 	C:\WINDOWS\System32\ole32.dll
0x00007fff05050000 - 0x00007fff058c6000 	C:\WINDOWS\System32\SHELL32.dll
0x00007fff01e20000 - 0x00007fff02723000 	C:\WINDOWS\SYSTEM32\windows.storage.dll
0x00007fff01ce0000 - 0x00007fff01e1f000 	C:\WINDOWS\SYSTEM32\wintypes.dll
0x00007fff059b0000 - 0x00007fff05aa9000 	C:\WINDOWS\System32\SHCORE.dll
0x00007fff064c0000 - 0x00007fff0651e000 	C:\WINDOWS\System32\shlwapi.dll
0x00007fff03e00000 - 0x00007fff03e2b000 	C:\WINDOWS\SYSTEM32\profapi.dll
0x00007ffe7a440000 - 0x00007ffe7a517000 	C:\Users\Daniel\.jdks\openjdk-23\bin\jsvml.dll
0x00007ffeb0f50000 - 0x00007ffeb0f67000 	C:\Users\Daniel\.jdks\openjdk-23\bin\zip.dll
0x00007ffedd0b0000 - 0x00007ffedd0c0000 	C:\Users\Daniel\.jdks\openjdk-23\bin\net.dll
0x00007fff03480000 - 0x00007fff034e9000 	C:\WINDOWS\system32\mswsock.dll
0x00007ffeb32e0000 - 0x00007ffeb32f6000 	C:\Users\Daniel\.jdks\openjdk-23\bin\nio.dll
0x00007ffeb3390000 - 0x00007ffeb33aa000 	C:\Program Files\JetBrains\IntelliJ IDEA 2023.3.3\bin\breakgen64.dll
0x00007ffedc610000 - 0x00007ffedc619000 	C:\Users\Daniel\.jdks\openjdk-23\bin\extnet.dll
0x0000000069ac0000 - 0x0000000069ae4000 	C:\Users\Daniel\AppData\Local\Temp\jansi-2.4.0-ab8413bff06bc609-jansi.dll
0x00007ffedb940000 - 0x00007ffedb950000 	C:\Users\Daniel\.jdks\openjdk-23\bin\verify.dll

dbghelp: loaded successfully - version: 4.0.5 - missing functions: none
symbol engine: initialized successfully - sym options: 0x614 - pdb path: .;C:\Users\Daniel\.jdks\openjdk-23\bin;C:\WINDOWS\SYSTEM32;C:\WINDOWS\WinSxS\amd64_microsoft.windows.common-controls_6595b64144ccf1df_6.0.22621.4391_none_2715d37f73803e96;C:\Users\Daniel\.jdks\openjdk-23\bin\server;C:\Program Files\JetBrains\IntelliJ IDEA 2023.3.3\bin;C:\Users\Daniel\AppData\Local\Temp

VM Arguments:
jvm_args: -Dmaven.multiModuleProjectDirectory=C:\Users\Daniel\Desktop\Programmieren\Java\Workspace\CommandFramework -Djansi.passthrough=true -Dmaven.home=C:\Program Files\JetBrains\IntelliJ IDEA 2023.3.3\plugins\maven\lib\maven3 -Dclassworlds.conf=C:\Program Files\JetBrains\IntelliJ IDEA 2023.3.3\plugins\maven\lib\maven3\bin\m2.conf -Dmaven.ext.class.path=C:\Program Files\JetBrains\IntelliJ IDEA 2023.3.3\plugins\maven\lib\maven-event-listener.jar -javaagent:C:\Program Files\JetBrains\IntelliJ IDEA 2023.3.3\lib\idea_rt.jar=51257:C:\Program Files\JetBrains\IntelliJ IDEA 2023.3.3\bin -Dfile.encoding=UTF-8 -Dsun.stdout.encoding=UTF-8 -Dsun.stderr.encoding=UTF-8 
java_command: org.codehaus.classworlds.Launcher -Didea.version=2023.3.8 package
java_class_path (initial): C:\Program Files\JetBrains\IntelliJ IDEA 2023.3.3\plugins\maven\lib\maven3\boot\plexus-classworlds-2.7.0.jar;C:\Program Files\JetBrains\IntelliJ IDEA 2023.3.3\plugins\maven\lib\maven3\boot\plexus-classworlds.license
Launcher Type: SUN_STANDARD

[Global flags]
     intx CICompilerCount                          = 4                                         {product} {ergonomic}
     uint ConcGCThreads                            = 3                                         {product} {ergonomic}
     uint G1ConcRefinementThreads                  = 10                                        {product} {ergonomic}
   size_t G1HeapRegionSize                         = 4194304                                   {product} {ergonomic}
   size_t InitialHeapSize                          = 536870912                                 {product} {ergonomic}
   size_t MarkStackSize                            = 4194304                                   {product} {ergonomic}
   size_t MarkStackSizeMax                         = 536870912                                 {product} {ergonomic}
   size_t MaxHeapSize                              = 8568963072                                {product} {ergonomic}
   size_t MaxNewSize                               = 5138022400                                {product} {ergonomic}
   size_t MinHeapDeltaBytes                        = 4194304                                   {product} {ergonomic}
   size_t MinHeapSize                              = 8388608                                   {product} {ergonomic}
    uintx NonNMethodCodeHeapSize                   = 5832704                                {pd product} {ergonomic}
    uintx NonProfiledCodeHeapSize                  = 122945536                              {pd product} {ergonomic}
    uintx ProfiledCodeHeapSize                     = 122880000                              {pd product} {ergonomic}
    uintx ReservedCodeCacheSize                    = 251658240                              {pd product} {ergonomic}
     bool SegmentedCodeCache                       = true                                      {product} {ergonomic}
   size_t SoftMaxHeapSize                          = 8568963072                             {manageable} {ergonomic}
     bool UseCompressedOops                        = true                           {product lp64_product} {ergonomic}
     bool UseG1GC                                  = true                                      {product} {ergonomic}
     bool UseLargePagesIndividualAllocation        = false                                  {pd product} {ergonomic}

Logging:
Log output configuration:
 #0: stdout all=warning uptime,level,tags foldmultilines=false
 #1: stderr all=off uptime,level,tags foldmultilines=false

Environment Variables:
JAVA_HOME=C:\Program Files\Java\jdk-19
PATH=C:\Program Files\Common Files\Oracle\Java\javapath;C:\Program Files (x86)\Common Files\Oracle\Java\javapath;C:\Windows\system32;C:\Windows;C:\Windows\System32\Wbem;C:\Windows\System32\WindowsPowerShell\v1.0\;C:\Windows\System32\OpenSSH\;C:\WINDOWS\system32;C:\WINDOWS;C:\WINDOWS\System32\Wbem;C:\WINDOWS\System32\WindowsPowerShell\v1.0\;C:\WINDOWS\System32\OpenSSH\;C:\Users\Daniel\Desktop\Programmieren\Luau\luau;C:\Program Files\NVIDIA Corporation\NVIDIA NvDLISR;C:\Program Files (x86)\NVIDIA Corporation\PhysX\Common;C:\WINDOWS\system32;C:\WINDOWS;C:\WINDOWS\System32\Wbem;C:\WINDOWS\System32\WindowsPowerShell\v1.0\;C:\WINDOWS\System32\OpenSSH\;C:\Program Files\Java\jdk-19\bin;C:\Program Files\Git\cmd;C:\Program Files\dotnet\;C:\Users\Daniel\AppData\Local\Programs\Python\Launcher\;C:\Users\Daniel\AppData\Local\Microsoft\WindowsApps;C:\Users\Daniel\AppData\Local\Programs\Microsoft VS Code\bin;C:\Program Files\Git\cmd;C:\Users\Daniel\.dotnet\tools;C:\Users\Daniel\AppData\Local\JetBrains\Toolbox\scripts;
USERNAME=Daniel
OS=Windows_NT
PROCESSOR_IDENTIFIER=AMD64 Family 25 Model 33 Stepping 0, AuthenticAMD
TMP=C:\Users\Daniel\AppData\Local\Temp
TEMP=C:\Users\Daniel\AppData\Local\Temp




Periodic native trim disabled

---------------  S Y S T E M  ---------------

OS:
 Windows 11 , 64 bit Build 22621 (10.0.22621.4391)
OS uptime: 6 days 11:00 hours

CPU: total 12 (initial active 12) (12 cores per cpu, 2 threads per core) family 25 model 33 stepping 0 microcode 0x0, cx8, cmov, fxsr, ht, mmx, 3dnowpref, sse, sse2, sse3, ssse3, sse4a, sse4.1, sse4.2, popcnt, lzcnt, tsc, tscinvbit, avx, avx2, aes, erms, clmul, bmi1, bmi2, adx, sha, fma, vzeroupper, clflush, clflushopt, rdtscp, rdpid, fsrm, f16c, pku, cet_ss
Processor Information for the first 12 processors :
  Max Mhz: 3701, Current Mhz: 3701, Mhz Limit: 3701

Memory: 4k page, system-wide physical 32679M (16460M free)
TotalPageFile size 64679M (AvailPageFile size 5M)
current process WorkingSet (physical memory assigned to process): 99M, peak: 99M
current process commit charge ("private bytes"): 636M, peak: 636M

vm_info: OpenJDK 64-Bit Server VM (23+37-2369) for windows-amd64 JRE (23+37-2369), built on 2024-08-20T16:01:23Z with MS VC++ 17.6 (VS2022)

END.
