#
# There is insufficient memory for the Java Runtime Environment to continue.
# Native memory allocation (mmap) failed to map 536870912 bytes. Error detail: G1 virtual space
# Possible reasons:
#   The system is out of physical RAM or swap space
#   This process is running with CompressedOops enabled, and the Java Heap may be blocking the growth of the native heap
# Possible solutions:
#   Reduce memory load on the system
#   Increase physical memory or swap space
#   Check if swap backing store is full
#   Decrease Java heap size (-Xmx/-Xms)
#   Decrease number of Java threads
#   Decrease Java thread stack sizes (-Xss)
#   Set larger code cache with -XX:ReservedCodeCacheSize=
#   JVM is running with Zero Based Compressed Oops mode in which the Java heap is
#     placed in the first 32GB address space. The Java Heap base address is the
#     maximum limit for the native heap growth. Please use -XX:HeapBaseMinAddress
#     to set the Java Heap base and to place the Java Heap above 32GB virtual address.
# This output file may be truncated or incomplete.
#
#  Out of Memory Error (os_windows.cpp:3703), pid=25164, tid=17656
#
# JRE version:  (23.0+37) (build )
# Java VM: OpenJDK 64-Bit Server VM (23+37-2369, mixed mode, sharing, tiered, compressed oops, compressed class ptrs, g1 gc, windows-amd64)
# No core dump will be written. Minidumps are not enabled by default on client versions of Windows
#

---------------  S U M M A R Y ------------

Command Line: -Dmaven.multiModuleProjectDirectory=C:\Users\Daniel\Desktop\Programmieren\Java\Workspace\CommandFramework -Djansi.passthrough=true -Dmaven.home=C:\Program Files\JetBrains\IntelliJ IDEA 2023.3.3\plugins\maven\lib\maven3 -Dclassworlds.conf=C:\Program Files\JetBrains\IntelliJ IDEA 2023.3.3\plugins\maven\lib\maven3\bin\m2.conf -Dmaven.ext.class.path=C:\Program Files\JetBrains\IntelliJ IDEA 2023.3.3\plugins\maven\lib\maven-event-listener.jar -javaagent:C:\Program Files\JetBrains\IntelliJ IDEA 2023.3.3\lib\idea_rt.jar=51305:C:\Program Files\JetBrains\IntelliJ IDEA 2023.3.3\bin -Dfile.encoding=UTF-8 -Dsun.stdout.encoding=UTF-8 -Dsun.stderr.encoding=UTF-8 org.codehaus.classworlds.Launcher -Didea.version=2023.3.8 package

Host: AMD Ryzen 5 5600X 6-Core Processor             , 12 cores, 31G,  Windows 11 , 64 bit Build 22621 (10.0.22621.4391)
Time: Sat Nov 23 22:26:17 2024 Mitteleuropäische Zeit elapsed time: 0.011204 seconds (0d 0h 0m 0s)

---------------  T H R E A D  ---------------

Current thread (0x00000273da06efc0):  JavaThread "Unknown thread" [_thread_in_vm, id=17656, stack(0x000000fc6da00000,0x000000fc6db00000) (1024K)]

Stack: [0x000000fc6da00000,0x000000fc6db00000]
Native frames: (J=compiled Java code, j=interpreted, Vv=VM code, C=native code)
V  [jvm.dll+0x6e08a9]  (no source info available)
V  [jvm.dll+0x87da63]  (no source info available)
V  [jvm.dll+0x87feee]  (no source info available)
V  [jvm.dll+0x8805c3]  (no source info available)
V  [jvm.dll+0x27aee6]  (no source info available)
V  [jvm.dll+0x6dd1b5]  (no source info available)
V  [jvm.dll+0x6d103a]  (no source info available)
V  [jvm.dll+0x35b3ea]  (no source info available)
V  [jvm.dll+0x3637f6]  (no source info available)
V  [jvm.dll+0x34fd5e]  (no source info available)
V  [jvm.dll+0x34fff8]  (no source info available)
V  [jvm.dll+0x3289cc]  (no source info available)
V  [jvm.dll+0x32966e]  (no source info available)
V  [jvm.dll+0x8442e5]  (no source info available)
V  [jvm.dll+0x3b9848]  (no source info available)
V  [jvm.dll+0x82d0dc]  (no source info available)
V  [jvm.dll+0x454d4e]  (no source info available)
V  [jvm.dll+0x456bd1]  (no source info available)
C  [jli.dll+0x52a3]  (no source info available)
C  [ucrtbase.dll+0x29333]  (no source info available)
C  [KERNEL32.DLL+0x1259d]  (no source info available)
C  [ntdll.dll+0x5af38]  (no source info available)

Lock stack of current Java thread (top to bottom):


---------------  P R O C E S S  ---------------

Threads class SMR info:
_java_thread_list=0x00007ffe642a3618, length=0, elements={
}

Java Threads: ( => current thread )
Total: 0

Other Threads:
  0x00000273fbe7fe10 WorkerThread "GC Thread#0"                     [id=32288, stack(0x000000fc6db00000,0x000000fc6dc00000) (1024K)]
  0x00000273da0ecb90 ConcurrentGCThread "G1 Main Marker"            [id=11412, stack(0x000000fc6dc00000,0x000000fc6dd00000) (1024K)]
  0x00000273da0ede40 WorkerThread "G1 Conc#0"                       [id=33136, stack(0x000000fc6dd00000,0x000000fc6de00000) (1024K)]

[error occurred during error reporting (printing all threads), id 0xc0000005, EXCEPTION_ACCESS_VIOLATION (0xc0000005) at pc=0x00007ffe639ebfba]
VM state: not at safepoint (not fully initialized)

VM Mutex/Monitor currently owned by a thread:  ([mutex/lock_event])
[0x00007ffe64323a10] Heap_lock - owner thread: 0x00000273da06efc0

Heap address: 0x0000000601400000, size: 8172 MB, Compressed Oops mode: Zero based, Oop shift amount: 3

CDS archive(s) mapped at: [0x0000000000000000-0x0000000000000000-0x0000000000000000), size 0, SharedBaseAddress: 0x0000000800000000, ArchiveRelocationMode: 1.
Narrow klass base: 0x0000000000000000, Narrow klass shift: 0, Narrow klass range: 0x0

GC Precious Log:
 CardTable entry size: 512
 Card Set container configuration: InlinePtr #cards 4 size 8 Array Of Cards #cards 32 size 80 Howl #buckets 8 coarsen threshold 7372 Howl Bitmap #cards 1024 size 144 coarsen threshold 921 Card regions per heap region 1 cards per card region 8192

Heap:
 garbage-first heap   total reserved 8368128K, committed 0K, used 0K [0x0000000601400000, 0x0000000800000000)
  region size 4096K, 0 young (0K), 0 survivors (0K)

[error occurred during error reporting (printing heap information), id 0xc0000005, EXCEPTION_ACCESS_VIOLATION (0xc0000005) at pc=0x00007ffe63dec3b9]
GC Heap History (0 events):
No events

Dll operation events (1 events):
Event: 0.007 Loaded shared library C:\Users\Daniel\.jdks\openjdk-23\bin\java.dll

Deoptimization events (0 events):
No events

Classes loaded (0 events):
No events

Classes unloaded (0 events):
No events

Classes redefined (0 events):
No events

Internal exceptions (0 events):
No events

VM Operations (0 events):
No events

Memory protections (0 events):
No events

Nmethod flushes (0 events):
No events

Events (0 events):
No events


Dynamic libraries:
0x00007ff778490000 - 0x00007ff77849e000 	C:\Users\Daniel\.jdks\openjdk-23\bin\java.exe
0x00007fff06bd0000 - 0x00007fff06de7000 	C:\WINDOWS\SYSTEM32\ntdll.dll
0x00007fff05f60000 - 0x00007fff06024000 	C:\WINDOWS\System32\KERNEL32.DLL
0x00007fff042f0000 - 0x00007fff046a9000 	C:\WINDOWS\System32\KERNELBASE.dll
0x00007fff047d0000 - 0x00007fff048e1000 	C:\WINDOWS\System32\ucrtbase.dll
0x00007ffeb9a20000 - 0x00007ffeb9a37000 	C:\Users\Daniel\.jdks\openjdk-23\bin\jli.dll
0x00007ffeb5bc0000 - 0x00007ffeb5bdb000 	C:\Users\Daniel\.jdks\openjdk-23\bin\VCRUNTIME140.dll
0x00007fff04c50000 - 0x00007fff04dfe000 	C:\WINDOWS\System32\USER32.dll
0x00007fff04720000 - 0x00007fff04746000 	C:\WINDOWS\System32\win32u.dll
0x00007ffef0280000 - 0x00007ffef0512000 	C:\WINDOWS\WinSxS\amd64_microsoft.windows.common-controls_6595b64144ccf1df_6.0.22621.4391_none_2715d37f73803e96\COMCTL32.dll
0x00007fff05eb0000 - 0x00007fff05f57000 	C:\WINDOWS\System32\msvcrt.dll
0x00007fff05bc0000 - 0x00007fff05be9000 	C:\WINDOWS\System32\GDI32.dll
0x00007fff04070000 - 0x00007fff0418b000 	C:\WINDOWS\System32\gdi32full.dll
0x00007fff04190000 - 0x00007fff0422a000 	C:\WINDOWS\System32\msvcp_win.dll
0x00007fff05e30000 - 0x00007fff05e61000 	C:\WINDOWS\System32\IMM32.DLL
0x00007ffeddbf0000 - 0x00007ffeddbfc000 	C:\Users\Daniel\.jdks\openjdk-23\bin\vcruntime140_1.dll
0x00007ffeb34a0000 - 0x00007ffeb352e000 	C:\Users\Daniel\.jdks\openjdk-23\bin\msvcp140.dll
0x00007ffe636b0000 - 0x00007ffe643ff000 	C:\Users\Daniel\.jdks\openjdk-23\bin\server\jvm.dll
0x00007fff05b00000 - 0x00007fff05bb2000 	C:\WINDOWS\System32\ADVAPI32.dll
0x00007fff069b0000 - 0x00007fff06a57000 	C:\WINDOWS\System32\sechost.dll
0x00007fff04040000 - 0x00007fff04068000 	C:\WINDOWS\System32\bcrypt.dll
0x00007fff06a60000 - 0x00007fff06b74000 	C:\WINDOWS\System32\RPCRT4.dll
0x00007fff05db0000 - 0x00007fff05e21000 	C:\WINDOWS\System32\WS2_32.dll
0x00007fff02d60000 - 0x00007fff02dad000 	C:\WINDOWS\SYSTEM32\POWRPROF.dll
0x00007ffefe540000 - 0x00007ffefe54a000 	C:\WINDOWS\SYSTEM32\VERSION.dll
0x00007ffeffdd0000 - 0x00007ffeffe04000 	C:\WINDOWS\SYSTEM32\WINMM.dll
0x00007fff02d40000 - 0x00007fff02d53000 	C:\WINDOWS\SYSTEM32\UMPDC.dll
0x00007fff03000000 - 0x00007fff03018000 	C:\WINDOWS\SYSTEM32\kernel.appcore.dll
0x00007ffedd5e0000 - 0x00007ffedd5ea000 	C:\Users\Daniel\.jdks\openjdk-23\bin\jimage.dll
0x00007ffef5c50000 - 0x00007ffef5e82000 	C:\WINDOWS\SYSTEM32\DBGHELP.DLL
0x00007fff06520000 - 0x00007fff068af000 	C:\WINDOWS\System32\combase.dll
0x00007fff058d0000 - 0x00007fff059a7000 	C:\WINDOWS\System32\OLEAUT32.dll
0x00007ffed2fd0000 - 0x00007ffed3002000 	C:\WINDOWS\SYSTEM32\dbgcore.DLL
0x00007fff04750000 - 0x00007fff047cb000 	C:\WINDOWS\System32\bcryptPrimitives.dll
0x00007ffed9060000 - 0x00007ffed906f000 	C:\Users\Daniel\.jdks\openjdk-23\bin\instrument.dll
0x00007ffeb5ba0000 - 0x00007ffeb5bbe000 	C:\Users\Daniel\.jdks\openjdk-23\bin\java.dll
0x00007fff049f0000 - 0x00007fff04b95000 	C:\WINDOWS\System32\ole32.dll
0x00007fff05050000 - 0x00007fff058c6000 	C:\WINDOWS\System32\SHELL32.dll

dbghelp: loaded successfully - version: 4.0.5 - missing functions: none
symbol engine: initialized successfully - sym options: 0x614 - pdb path: .;C:\Users\Daniel\.jdks\openjdk-23\bin;C:\WINDOWS\SYSTEM32;C:\WINDOWS\WinSxS\amd64_microsoft.windows.common-controls_6595b64144ccf1df_6.0.22621.4391_none_2715d37f73803e96;C:\Users\Daniel\.jdks\openjdk-23\bin\server

VM Arguments:
jvm_args: -Dmaven.multiModuleProjectDirectory=C:\Users\Daniel\Desktop\Programmieren\Java\Workspace\CommandFramework -Djansi.passthrough=true -Dmaven.home=C:\Program Files\JetBrains\IntelliJ IDEA 2023.3.3\plugins\maven\lib\maven3 -Dclassworlds.conf=C:\Program Files\JetBrains\IntelliJ IDEA 2023.3.3\plugins\maven\lib\maven3\bin\m2.conf -Dmaven.ext.class.path=C:\Program Files\JetBrains\IntelliJ IDEA 2023.3.3\plugins\maven\lib\maven-event-listener.jar -javaagent:C:\Program Files\JetBrains\IntelliJ IDEA 2023.3.3\lib\idea_rt.jar=51305:C:\Program Files\JetBrains\IntelliJ IDEA 2023.3.3\bin -Dfile.encoding=UTF-8 -Dsun.stdout.encoding=UTF-8 -Dsun.stderr.encoding=UTF-8 
java_command: org.codehaus.classworlds.Launcher -Didea.version=2023.3.8 package
java_class_path (initial): C:\Program Files\JetBrains\IntelliJ IDEA 2023.3.3\plugins\maven\lib\maven3\boot\plexus-classworlds-2.7.0.jar;C:\Program Files\JetBrains\IntelliJ IDEA 2023.3.3\plugins\maven\lib\maven3\boot\plexus-classworlds.license
Launcher Type: SUN_STANDARD

[Global flags]
     intx CICompilerCount                          = 4                                         {product} {ergonomic}
     uint ConcGCThreads                            = 3                                         {product} {ergonomic}
     uint G1ConcRefinementThreads                  = 10                                        {product} {ergonomic}
   size_t G1HeapRegionSize                         = 4194304                                   {product} {ergonomic}
   size_t InitialHeapSize                          = 536870912                                 {product} {ergonomic}
   size_t MarkStackSize                            = 4194304                                   {product} {ergonomic}
   size_t MarkStackSizeMax                         = 536870912                                 {product} {ergonomic}
   size_t MaxHeapSize                              = 8568963072                                {product} {ergonomic}
   size_t MinHeapDeltaBytes                        = 4194304                                   {product} {ergonomic}
   size_t MinHeapSize                              = 8388608                                   {product} {ergonomic}
    uintx NonNMethodCodeHeapSize                   = 5832704                                {pd product} {ergonomic}
    uintx NonProfiledCodeHeapSize                  = 122945536                              {pd product} {ergonomic}
    uintx ProfiledCodeHeapSize                     = 122880000                              {pd product} {ergonomic}
    uintx ReservedCodeCacheSize                    = 251658240                              {pd product} {ergonomic}
     bool SegmentedCodeCache                       = true                                      {product} {ergonomic}
   size_t SoftMaxHeapSize                          = 8568963072                             {manageable} {ergonomic}
     bool UseCompressedOops                        = true                           {product lp64_product} {ergonomic}
     bool UseG1GC                                  = true                                      {product} {ergonomic}
     bool UseLargePagesIndividualAllocation        = false                                  {pd product} {ergonomic}

Logging:
Log output configuration:
 #0: stdout all=warning uptime,level,tags foldmultilines=false
 #1: stderr all=off uptime,level,tags foldmultilines=false

Environment Variables:
JAVA_HOME=C:\Program Files\Java\jdk-19
PATH=C:\Program Files\Common Files\Oracle\Java\javapath;C:\Program Files (x86)\Common Files\Oracle\Java\javapath;C:\Windows\system32;C:\Windows;C:\Windows\System32\Wbem;C:\Windows\System32\WindowsPowerShell\v1.0\;C:\Windows\System32\OpenSSH\;C:\WINDOWS\system32;C:\WINDOWS;C:\WINDOWS\System32\Wbem;C:\WINDOWS\System32\WindowsPowerShell\v1.0\;C:\WINDOWS\System32\OpenSSH\;C:\Users\Daniel\Desktop\Programmieren\Luau\luau;C:\Program Files\NVIDIA Corporation\NVIDIA NvDLISR;C:\Program Files (x86)\NVIDIA Corporation\PhysX\Common;C:\WINDOWS\system32;C:\WINDOWS;C:\WINDOWS\System32\Wbem;C:\WINDOWS\System32\WindowsPowerShell\v1.0\;C:\WINDOWS\System32\OpenSSH\;C:\Program Files\Java\jdk-19\bin;C:\Program Files\Git\cmd;C:\Program Files\dotnet\;C:\Users\Daniel\AppData\Local\Programs\Python\Launcher\;C:\Users\Daniel\AppData\Local\Microsoft\WindowsApps;C:\Users\Daniel\AppData\Local\Programs\Microsoft VS Code\bin;C:\Program Files\Git\cmd;C:\Users\Daniel\.dotnet\tools;C:\Users\Daniel\AppData\Local\JetBrains\Toolbox\scripts;
USERNAME=Daniel
OS=Windows_NT
PROCESSOR_IDENTIFIER=AMD64 Family 25 Model 33 Stepping 0, AuthenticAMD
TMP=C:\Users\Daniel\AppData\Local\Temp
TEMP=C:\Users\Daniel\AppData\Local\Temp




Periodic native trim disabled

---------------  S Y S T E M  ---------------

OS:
 Windows 11 , 64 bit Build 22621 (10.0.22621.4391)
OS uptime: 6 days 11:00 hours

CPU: total 12 (initial active 12) (12 cores per cpu, 2 threads per core) family 25 model 33 stepping 0 microcode 0x0, cx8, cmov, fxsr, ht, mmx, 3dnowpref, sse, sse2, sse3, ssse3, sse4a, sse4.1, sse4.2, popcnt, lzcnt, tsc, tscinvbit, avx, avx2, aes, erms, clmul, bmi1, bmi2, adx, sha, fma, vzeroupper, clflush, clflushopt, rdtscp, rdpid, fsrm, f16c, pku, cet_ss
Processor Information for the first 12 processors :
  Max Mhz: 3701, Current Mhz: 3701, Mhz Limit: 3701

Memory: 4k page, system-wide physical 32679M (16254M free)
TotalPageFile size 64679M (AvailPageFile size 441M)
current process WorkingSet (physical memory assigned to process): 12M, peak: 12M
current process commit charge ("private bytes"): 65M, peak: 577M

vm_info: OpenJDK 64-Bit Server VM (23+37-2369) for windows-amd64 JRE (23+37-2369), built on 2024-08-20T16:01:23Z with MS VC++ 17.6 (VS2022)

END.
